TN:
SF:src/server.js
FN:36,(anonymous_0)
FN:47,(anonymous_1)
FN:66,(anonymous_2)
FN:102,(anonymous_3)
FN:107,(anonymous_4)
FN:151,(anonymous_5)
FN:163,(anonymous_6)
FN:173,(anonymous_7)
FN:186,(anonymous_8)
FN:201,(anonymous_9)
FN:214,(anonymous_10)
FN:229,(anonymous_11)
FN:247,(anonymous_12)
FN:265,(anonymous_13)
FN:274,(anonymous_14)
FN:297,(anonymous_15)
FN:333,(anonymous_16)
FN:344,(anonymous_17)
FN:356,(anonymous_18)
FN:363,(anonymous_19)
FN:389,(anonymous_20)
FN:399,(anonymous_21)
FN:408,(anonymous_22)
FN:419,(anonymous_23)
FN:429,(anonymous_24)
FN:441,(anonymous_25)
FN:455,(anonymous_26)
FN:486,(anonymous_27)
FN:504,(anonymous_28)
FN:554,(anonymous_29)
FN:557,(anonymous_30)
FN:573,(anonymous_31)
FN:575,(anonymous_32)
FN:597,(anonymous_33)
FN:622,(anonymous_34)
FN:631,(anonymous_35)
FN:632,(anonymous_36)
FN:641,(anonymous_37)
FN:642,(anonymous_38)
FN:661,(anonymous_39)
FN:696,(anonymous_40)
FN:718,(anonymous_41)
FN:724,(anonymous_42)
FN:730,(anonymous_43)
FN:740,(anonymous_44)
FN:746,(anonymous_45)
FN:747,(anonymous_46)
FN:755,(anonymous_47)
FN:771,(anonymous_48)
FN:772,(anonymous_49)
FN:775,(anonymous_50)
FN:783,(anonymous_51)
FN:799,loadConfigSync
FNF:53
FNH:0
FNDA:0,(anonymous_0)
FNDA:0,(anonymous_1)
FNDA:0,(anonymous_2)
FNDA:0,(anonymous_3)
FNDA:0,(anonymous_4)
FNDA:0,(anonymous_5)
FNDA:0,(anonymous_6)
FNDA:0,(anonymous_7)
FNDA:0,(anonymous_8)
FNDA:0,(anonymous_9)
FNDA:0,(anonymous_10)
FNDA:0,(anonymous_11)
FNDA:0,(anonymous_12)
FNDA:0,(anonymous_13)
FNDA:0,(anonymous_14)
FNDA:0,(anonymous_15)
FNDA:0,(anonymous_16)
FNDA:0,(anonymous_17)
FNDA:0,(anonymous_18)
FNDA:0,(anonymous_19)
FNDA:0,(anonymous_20)
FNDA:0,(anonymous_21)
FNDA:0,(anonymous_22)
FNDA:0,(anonymous_23)
FNDA:0,(anonymous_24)
FNDA:0,(anonymous_25)
FNDA:0,(anonymous_26)
FNDA:0,(anonymous_27)
FNDA:0,(anonymous_28)
FNDA:0,(anonymous_29)
FNDA:0,(anonymous_30)
FNDA:0,(anonymous_31)
FNDA:0,(anonymous_32)
FNDA:0,(anonymous_33)
FNDA:0,(anonymous_34)
FNDA:0,(anonymous_35)
FNDA:0,(anonymous_36)
FNDA:0,(anonymous_37)
FNDA:0,(anonymous_38)
FNDA:0,(anonymous_39)
FNDA:0,(anonymous_40)
FNDA:0,(anonymous_41)
FNDA:0,(anonymous_42)
FNDA:0,(anonymous_43)
FNDA:0,(anonymous_44)
FNDA:0,(anonymous_45)
FNDA:0,(anonymous_46)
FNDA:0,(anonymous_47)
FNDA:0,(anonymous_48)
FNDA:0,(anonymous_49)
FNDA:0,(anonymous_50)
FNDA:0,(anonymous_51)
FNDA:0,loadConfigSync
DA:32,0
DA:33,0
DA:37,0
DA:38,0
DA:39,0
DA:40,0
DA:41,0
DA:48,0
DA:49,0
DA:50,0
DA:53,0
DA:55,0
DA:56,0
DA:58,0
DA:59,0
DA:67,0
DA:68,0
DA:70,0
DA:71,0
DA:73,0
DA:74,0
DA:76,0
DA:77,0
DA:79,0
DA:80,0
DA:82,0
DA:83,0
DA:85,0
DA:86,0
DA:88,0
DA:89,0
DA:91,0
DA:92,0
DA:94,0
DA:95,0
DA:103,0
DA:108,0
DA:109,0
DA:110,0
DA:114,0
DA:117,0
DA:118,0
DA:126,0
DA:127,0
DA:128,0
DA:129,0
DA:132,0
DA:140,0
DA:145,0
DA:152,0
DA:153,0
DA:154,0
DA:155,0
DA:156,0
DA:157,0
DA:164,0
DA:165,0
DA:166,0
DA:167,0
DA:174,0
DA:175,0
DA:180,0
DA:187,0
DA:188,0
DA:194,0
DA:195,0
DA:202,0
DA:203,0
DA:208,0
DA:215,0
DA:216,0
DA:223,0
DA:230,0
DA:231,0
DA:232,0
DA:235,0
DA:236,0
DA:240,0
DA:241,0
DA:248,0
DA:250,0
DA:253,0
DA:262,0
DA:266,0
DA:267,0
DA:269,0
DA:274,0
DA:275,0
DA:276,0
DA:277,0
DA:278,0
DA:279,0
DA:280,0
DA:284,0
DA:285,0
DA:288,0
DA:289,0
DA:290,0
DA:291,0
DA:292,0
DA:296,0
DA:299,0
DA:300,0
DA:304,0
DA:305,0
DA:308,0
DA:310,0
DA:311,0
DA:313,0
DA:314,0
DA:323,0
DA:329,0
DA:330,0
DA:333,0
DA:334,0
DA:335,0
DA:339,0
DA:340,0
DA:343,0
DA:344,0
DA:345,0
DA:355,0
DA:356,0
DA:357,0
DA:358,0
DA:363,0
DA:364,0
DA:365,0
DA:371,0
DA:373,0
DA:374,0
DA:376,0
DA:382,0
DA:383,0
DA:387,0
DA:389,0
DA:390,0
DA:394,0
DA:397,0
DA:398,0
DA:399,0
DA:400,0
DA:401,0
DA:402,0
DA:405,0
DA:406,0
DA:408,0
DA:409,0
DA:414,0
DA:415,0
DA:418,0
DA:419,0
DA:420,0
DA:424,0
DA:428,0
DA:429,0
DA:430,0
DA:434,0
DA:442,0
DA:443,0
DA:444,0
DA:445,0
DA:456,0
DA:459,0
DA:473,0
DA:474,0
DA:476,0
DA:477,0
DA:487,0
DA:498,0
DA:505,0
DA:506,0
DA:507,0
DA:508,0
DA:510,0
DA:512,0
DA:513,0
DA:517,0
DA:519,0
DA:522,0
DA:523,0
DA:524,0
DA:525,0
DA:526,0
DA:527,0
DA:528,0
DA:529,0
DA:531,0
DA:533,0
DA:534,0
DA:535,0
DA:536,0
DA:537,0
DA:538,0
DA:539,0
DA:542,0
DA:545,0
DA:546,0
DA:547,0
DA:556,0
DA:557,0
DA:558,0
DA:559,0
DA:564,0
DA:565,0
DA:566,0
DA:568,0
DA:573,0
DA:574,0
DA:575,0
DA:576,0
DA:577,0
DA:578,0
DA:588,0
DA:589,0
DA:590,0
DA:592,0
DA:597,0
DA:598,0
DA:599,0
DA:601,0
DA:602,0
DA:610,0
DA:611,0
DA:612,0
DA:623,0
DA:625,0
DA:626,0
DA:628,0
DA:630,0
DA:631,0
DA:632,0
DA:633,0
DA:634,0
DA:640,0
DA:641,0
DA:642,0
DA:643,0
DA:644,0
DA:650,0
DA:651,0
DA:652,0
DA:656,0
DA:657,0
DA:658,0
DA:659,0
DA:660,0
DA:661,0
DA:662,0
DA:665,0
DA:670,0
DA:671,0
DA:672,0
DA:676,0
DA:677,0
DA:678,0
DA:682,0
DA:683,0
DA:684,0
DA:687,0
DA:689,0
DA:690,0
DA:696,0
DA:697,0
DA:700,0
DA:701,0
DA:702,0
DA:705,0
DA:706,0
DA:707,0
DA:708,0
DA:709,0
DA:712,0
DA:713,0
DA:714,0
DA:718,0
DA:719,0
DA:720,0
DA:721,0
DA:724,0
DA:725,0
DA:729,0
DA:730,0
DA:731,0
DA:732,0
DA:734,0
DA:736,0
DA:737,0
DA:740,0
DA:741,0
DA:742,0
DA:746,0
DA:747,0
DA:751,0
DA:752,0
DA:755,0
DA:756,0
DA:757,0
DA:759,0
DA:761,0
DA:762,0
DA:763,0
DA:764,0
DA:766,0
DA:767,0
DA:771,0
DA:772,0
DA:775,0
DA:776,0
DA:777,0
DA:778,0
DA:780,0
DA:783,0
DA:784,0
DA:785,0
DA:786,0
DA:788,0
DA:792,0
DA:800,0
DA:801,0
DA:802,0
DA:803,0
DA:805,0
DA:806,0
DA:811,0
DA:812,0
LF:326
LH:0
BRDA:36,0,0,0
BRDA:37,1,0,0
BRDA:37,1,1,0
BRDA:67,2,0,0
BRDA:67,2,1,0
BRDA:70,3,0,0
BRDA:70,3,1,0
BRDA:73,4,0,0
BRDA:73,4,1,0
BRDA:76,5,0,0
BRDA:76,5,1,0
BRDA:79,6,0,0
BRDA:79,6,1,0
BRDA:82,7,0,0
BRDA:82,7,1,0
BRDA:85,8,0,0
BRDA:85,8,1,0
BRDA:88,9,0,0
BRDA:88,9,1,0
BRDA:91,10,0,0
BRDA:91,10,1,0
BRDA:94,11,0,0
BRDA:94,11,1,0
BRDA:109,12,0,0
BRDA:109,12,1,0
BRDA:117,13,0,0
BRDA:117,13,1,0
BRDA:119,14,0,0
BRDA:119,14,1,0
BRDA:126,15,0,0
BRDA:126,15,1,0
BRDA:128,16,0,0
BRDA:128,16,1,0
BRDA:154,17,0,0
BRDA:154,17,1,0
BRDA:156,18,0,0
BRDA:156,18,1,0
BRDA:157,19,0,0
BRDA:157,19,1,0
BRDA:230,20,0,0
BRDA:230,20,1,0
BRDA:263,21,0,0
BRDA:263,21,1,0
BRDA:264,22,0,0
BRDA:264,22,1,0
BRDA:266,23,0,0
BRDA:266,23,1,0
BRDA:284,24,0,0
BRDA:284,24,1,0
BRDA:288,25,0,0
BRDA:288,25,1,0
BRDA:290,26,0,0
BRDA:290,26,1,0
BRDA:299,27,0,0
BRDA:299,27,1,0
BRDA:304,28,0,0
BRDA:304,28,1,0
BRDA:308,29,0,0
BRDA:308,29,1,0
BRDA:310,30,0,0
BRDA:310,30,1,0
BRDA:310,31,0,0
BRDA:310,31,1,0
BRDA:324,32,0,0
BRDA:324,32,1,0
BRDA:343,33,0,0
BRDA:343,33,1,0
BRDA:349,34,0,0
BRDA:349,34,1,0
BRDA:355,35,0,0
BRDA:355,35,1,0
BRDA:365,36,0,0
BRDA:365,36,1,0
BRDA:366,37,0,0
BRDA:366,37,1,0
BRDA:371,38,0,0
BRDA:371,38,1,0
BRDA:373,39,0,0
BRDA:373,39,1,0
BRDA:382,40,0,0
BRDA:382,40,1,0
BRDA:397,41,0,0
BRDA:397,41,1,0
BRDA:406,42,0,0
BRDA:406,42,1,0
BRDA:442,43,0,0
BRDA:442,43,1,0
BRDA:443,44,0,0
BRDA:443,44,1,0
BRDA:444,45,0,0
BRDA:444,45,1,0
BRDA:463,46,0,0
BRDA:463,46,1,0
BRDA:465,47,0,0
BRDA:465,47,1,0
BRDA:469,48,0,0
BRDA:469,48,1,0
BRDA:470,49,0,0
BRDA:470,49,1,0
BRDA:479,50,0,0
BRDA:479,50,1,0
BRDA:493,51,0,0
BRDA:493,51,1,0
BRDA:494,52,0,0
BRDA:494,52,1,0
BRDA:495,53,0,0
BRDA:495,53,1,0
BRDA:496,54,0,0
BRDA:496,54,1,0
BRDA:512,55,0,0
BRDA:512,55,1,0
BRDA:556,56,0,0
BRDA:556,56,1,0
BRDA:564,57,0,0
BRDA:564,57,1,0
BRDA:565,58,0,0
BRDA:565,58,1,0
BRDA:566,59,0,0
BRDA:566,59,1,0
BRDA:577,60,0,0
BRDA:577,60,1,0
BRDA:588,61,0,0
BRDA:588,61,1,0
BRDA:589,62,0,0
BRDA:589,62,1,0
BRDA:590,63,0,0
BRDA:590,63,1,0
BRDA:601,64,0,0
BRDA:601,64,1,0
BRDA:610,65,0,0
BRDA:610,65,1,0
BRDA:610,66,0,0
BRDA:610,66,1,0
BRDA:623,67,0,0
BRDA:623,67,1,0
BRDA:630,68,0,0
BRDA:630,68,1,0
BRDA:640,69,0,0
BRDA:640,69,1,0
BRDA:650,70,0,0
BRDA:650,70,1,0
BRDA:656,71,0,0
BRDA:656,71,1,0
BRDA:658,72,0,0
BRDA:658,72,1,0
BRDA:670,73,0,0
BRDA:670,73,1,0
BRDA:676,74,0,0
BRDA:676,74,1,0
BRDA:682,75,0,0
BRDA:682,75,1,0
BRDA:701,76,0,0
BRDA:701,76,1,0
BRDA:702,77,0,0
BRDA:702,77,1,0
BRDA:705,78,0,0
BRDA:705,78,1,0
BRDA:705,79,0,0
BRDA:705,79,1,0
BRDA:719,80,0,0
BRDA:719,80,1,0
BRDA:731,81,0,0
BRDA:731,81,1,0
BRDA:756,82,0,0
BRDA:756,82,1,0
BRDA:777,83,0,0
BRDA:777,83,1,0
BRDA:785,84,0,0
BRDA:785,84,1,0
BRDA:802,85,0,0
BRDA:802,85,1,0
BRDA:811,86,0,0
BRDA:811,86,1,0
BRF:173
BRH:0
end_of_record
TN:
SF:src/api/api-router.js
FN:17,(anonymous_0)
FN:36,(anonymous_1)
FN:51,(anonymous_2)
FN:66,(anonymous_3)
FN:67,(anonymous_4)
FN:90,(anonymous_5)
FN:104,(anonymous_6)
FN:126,(anonymous_7)
FN:133,(anonymous_8)
FN:140,(anonymous_9)
FN:161,(anonymous_10)
FN:179,(anonymous_11)
FN:180,(anonymous_12)
FN:187,(anonymous_13)
FN:202,(anonymous_14)
FN:203,(anonymous_15)
FN:243,(anonymous_16)
FN:244,(anonymous_17)
FN:252,(anonymous_18)
FN:266,(anonymous_19)
FN:267,(anonymous_20)
FN:274,(anonymous_21)
FN:289,(anonymous_22)
FN:610,(anonymous_23)
FN:740,(anonymous_24)
FN:749,(anonymous_25)
FN:761,(anonymous_26)
FN:783,(anonymous_27)
FN:794,(anonymous_28)
FN:812,(anonymous_29)
FN:835,(anonymous_30)
FN:849,(anonymous_31)
FN:859,(anonymous_32)
FN:874,(anonymous_33)
FN:887,(anonymous_34)
FN:905,(anonymous_35)
FN:921,(anonymous_36)
FN:933,(anonymous_37)
FN:947,(anonymous_38)
FN:958,(anonymous_39)
FN:973,(anonymous_40)
FN:990,(anonymous_41)
FN:1008,(anonymous_42)
FN:1024,(anonymous_43)
FN:1042,(anonymous_44)
FN:1060,(anonymous_45)
FN:1070,(anonymous_46)
FN:1085,(anonymous_47)
FN:1100,(anonymous_48)
FN:1120,(anonymous_49)
FN:1138,(anonymous_50)
FN:1156,(anonymous_51)
FN:1177,(anonymous_52)
FN:1188,(anonymous_53)
FN:1203,(anonymous_54)
FN:1215,(anonymous_55)
FN:1234,(anonymous_56)
FN:1245,(anonymous_57)
FN:1264,(anonymous_58)
FN:1281,(anonymous_59)
FN:1299,(anonymous_60)
FN:1310,(anonymous_61)
FN:1318,(anonymous_62)
FN:1341,(anonymous_63)
FN:1353,(anonymous_64)
FN:1376,(anonymous_65)
FN:1387,(anonymous_66)
FN:1400,(anonymous_67)
FN:1411,(anonymous_68)
FN:1437,(anonymous_69)
FN:1449,(anonymous_70)
FN:1463,(anonymous_71)
FN:1467,(anonymous_72)
FN:1469,(anonymous_73)
FN:1481,(anonymous_74)
FN:1493,(anonymous_75)
FN:1497,(anonymous_76)
FN:1498,(anonymous_77)
FN:1504,(anonymous_78)
FN:1505,(anonymous_79)
FN:1513,(anonymous_80)
FNF:81
FNH:0
FNDA:0,(anonymous_0)
FNDA:0,(anonymous_1)
FNDA:0,(anonymous_2)
FNDA:0,(anonymous_3)
FNDA:0,(anonymous_4)
FNDA:0,(anonymous_5)
FNDA:0,(anonymous_6)
FNDA:0,(anonymous_7)
FNDA:0,(anonymous_8)
FNDA:0,(anonymous_9)
FNDA:0,(anonymous_10)
FNDA:0,(anonymous_11)
FNDA:0,(anonymous_12)
FNDA:0,(anonymous_13)
FNDA:0,(anonymous_14)
FNDA:0,(anonymous_15)
FNDA:0,(anonymous_16)
FNDA:0,(anonymous_17)
FNDA:0,(anonymous_18)
FNDA:0,(anonymous_19)
FNDA:0,(anonymous_20)
FNDA:0,(anonymous_21)
FNDA:0,(anonymous_22)
FNDA:0,(anonymous_23)
FNDA:0,(anonymous_24)
FNDA:0,(anonymous_25)
FNDA:0,(anonymous_26)
FNDA:0,(anonymous_27)
FNDA:0,(anonymous_28)
FNDA:0,(anonymous_29)
FNDA:0,(anonymous_30)
FNDA:0,(anonymous_31)
FNDA:0,(anonymous_32)
FNDA:0,(anonymous_33)
FNDA:0,(anonymous_34)
FNDA:0,(anonymous_35)
FNDA:0,(anonymous_36)
FNDA:0,(anonymous_37)
FNDA:0,(anonymous_38)
FNDA:0,(anonymous_39)
FNDA:0,(anonymous_40)
FNDA:0,(anonymous_41)
FNDA:0,(anonymous_42)
FNDA:0,(anonymous_43)
FNDA:0,(anonymous_44)
FNDA:0,(anonymous_45)
FNDA:0,(anonymous_46)
FNDA:0,(anonymous_47)
FNDA:0,(anonymous_48)
FNDA:0,(anonymous_49)
FNDA:0,(anonymous_50)
FNDA:0,(anonymous_51)
FNDA:0,(anonymous_52)
FNDA:0,(anonymous_53)
FNDA:0,(anonymous_54)
FNDA:0,(anonymous_55)
FNDA:0,(anonymous_56)
FNDA:0,(anonymous_57)
FNDA:0,(anonymous_58)
FNDA:0,(anonymous_59)
FNDA:0,(anonymous_60)
FNDA:0,(anonymous_61)
FNDA:0,(anonymous_62)
FNDA:0,(anonymous_63)
FNDA:0,(anonymous_64)
FNDA:0,(anonymous_65)
FNDA:0,(anonymous_66)
FNDA:0,(anonymous_67)
FNDA:0,(anonymous_68)
FNDA:0,(anonymous_69)
FNDA:0,(anonymous_70)
FNDA:0,(anonymous_71)
FNDA:0,(anonymous_72)
FNDA:0,(anonymous_73)
FNDA:0,(anonymous_74)
FNDA:0,(anonymous_75)
FNDA:0,(anonymous_76)
FNDA:0,(anonymous_77)
FNDA:0,(anonymous_78)
FNDA:0,(anonymous_79)
FNDA:0,(anonymous_80)
DA:18,0
DA:19,0
DA:20,0
DA:21,0
DA:24,0
DA:27,0
DA:30,0
DA:38,0
DA:44,0
DA:50,0
DA:51,0
DA:52,0
DA:53,0
DA:66,0
DA:67,0
DA:69,0
DA:70,0
DA:74,0
DA:75,0
DA:79,0
DA:82,0
DA:83,0
DA:84,0
DA:85,0
DA:89,0
DA:90,0
DA:92,0
DA:93,0
DA:94,0
DA:97,0
DA:106,0
DA:115,0
DA:123,0
DA:126,0
DA:130,0
DA:133,0
DA:140,0
DA:141,0
DA:142,0
DA:144,0
DA:145,0
DA:148,0
DA:149,0
DA:150,0
DA:151,0
DA:153,0
DA:154,0
DA:161,0
DA:162,0
DA:163,0
DA:165,0
DA:166,0
DA:167,0
DA:168,0
DA:170,0
DA:173,0
DA:179,0
DA:180,0
DA:181,0
DA:186,0
DA:187,0
DA:191,0
DA:194,0
DA:195,0
DA:202,0
DA:203,0
DA:204,0
DA:206,0
DA:212,0
DA:213,0
DA:214,0
DA:215,0
DA:217,0
DA:219,0
DA:223,0
DA:224,0
DA:228,0
DA:229,0
DA:233,0
DA:234,0
DA:237,0
DA:243,0
DA:244,0
DA:245,0
DA:246,0
DA:249,0
DA:250,0
DA:252,0
DA:254,0
DA:255,0
DA:256,0
DA:259,0
DA:266,0
DA:267,0
DA:268,0
DA:273,0
DA:274,0
DA:278,0
DA:281,0
DA:282,0
DA:291,0
DA:294,0
DA:297,0
DA:304,0
DA:310,0
DA:316,0
DA:322,0
DA:329,0
DA:336,0
DA:342,0
DA:350,0
DA:358,0
DA:365,0
DA:372,0
DA:379,0
DA:385,0
DA:391,0
DA:399,0
DA:407,0
DA:414,0
DA:422,0
DA:429,0
DA:436,0
DA:442,0
DA:450,0
DA:458,0
DA:465,0
DA:472,0
DA:480,0
DA:487,0
DA:495,0
DA:503,0
DA:512,0
DA:519,0
DA:526,0
DA:535,0
DA:542,0
DA:547,0
DA:554,0
DA:560,0
DA:568,0
DA:574,0
DA:580,0
DA:587,0
DA:594,0
DA:600,0
DA:611,0
DA:741,0
DA:750,0
DA:762,0
DA:763,0
DA:764,0
DA:766,0
DA:767,0
DA:768,0
DA:771,0
DA:778,0
DA:779,0
DA:784,0
DA:785,0
DA:786,0
DA:787,0
DA:789,0
DA:790,0
DA:795,0
DA:796,0
DA:797,0
DA:798,0
DA:799,0
DA:802,0
DA:807,0
DA:808,0
DA:813,0
DA:814,0
DA:815,0
DA:817,0
DA:824,0
DA:825,0
DA:828,0
DA:830,0
DA:831,0
DA:836,0
DA:837,0
DA:842,0
DA:850,0
DA:851,0
DA:852,0
DA:854,0
DA:855,0
DA:860,0
DA:861,0
DA:862,0
DA:863,0
DA:864,0
DA:867,0
DA:869,0
DA:870,0
DA:875,0
DA:876,0
DA:877,0
DA:879,0
DA:880,0
DA:882,0
DA:883,0
DA:888,0
DA:889,0
DA:890,0
DA:892,0
DA:893,0
DA:894,0
DA:897,0
DA:898,0
DA:900,0
DA:901,0
DA:906,0
DA:907,0
DA:908,0
DA:909,0
DA:910,0
DA:913,0
DA:914,0
DA:916,0
DA:917,0
DA:922,0
DA:923,0
DA:924,0
DA:925,0
DA:926,0
DA:928,0
DA:929,0
DA:934,0
DA:935,0
DA:936,0
DA:937,0
DA:939,0
DA:940,0
DA:948,0
DA:949,0
DA:950,0
DA:951,0
DA:953,0
DA:954,0
DA:959,0
DA:960,0
DA:961,0
DA:962,0
DA:963,0
DA:966,0
DA:968,0
DA:969,0
DA:974,0
DA:975,0
DA:976,0
DA:978,0
DA:979,0
DA:980,0
DA:983,0
DA:985,0
DA:986,0
DA:991,0
DA:992,0
DA:993,0
DA:995,0
DA:996,0
DA:997,0
DA:1000,0
DA:1001,0
DA:1003,0
DA:1004,0
DA:1009,0
DA:1010,0
DA:1011,0
DA:1012,0
DA:1013,0
DA:1016,0
DA:1017,0
DA:1019,0
DA:1020,0
DA:1025,0
DA:1026,0
DA:1027,0
DA:1029,0
DA:1030,0
DA:1031,0
DA:1034,0
DA:1035,0
DA:1037,0
DA:1038,0
DA:1043,0
DA:1044,0
DA:1045,0
DA:1046,0
DA:1047,0
DA:1050,0
DA:1052,0
DA:1053,0
DA:1061,0
DA:1062,0
DA:1063,0
DA:1065,0
DA:1066,0
DA:1071,0
DA:1072,0
DA:1073,0
DA:1074,0
DA:1075,0
DA:1078,0
DA:1080,0
DA:1081,0
DA:1086,0
DA:1087,0
DA:1088,0
DA:1090,0
DA:1091,0
DA:1093,0
DA:1095,0
DA:1096,0
DA:1101,0
DA:1102,0
DA:1103,0
DA:1105,0
DA:1106,0
DA:1107,0
DA:1110,0
DA:1111,0
DA:1113,0
DA:1115,0
DA:1116,0
DA:1121,0
DA:1122,0
DA:1123,0
DA:1124,0
DA:1125,0
DA:1128,0
DA:1129,0
DA:1131,0
DA:1133,0
DA:1134,0
DA:1139,0
DA:1140,0
DA:1141,0
DA:1142,0
DA:1143,0
DA:1146,0
DA:1147,0
DA:1149,0
DA:1151,0
DA:1152,0
DA:1157,0
DA:1158,0
DA:1159,0
DA:1160,0
DA:1161,0
DA:1164,0
DA:1165,0
DA:1167,0
DA:1169,0
DA:1170,0
DA:1178,0
DA:1180,0
DA:1181,0
DA:1183,0
DA:1184,0
DA:1189,0
DA:1190,0
DA:1191,0
DA:1192,0
DA:1195,0
DA:1196,0
DA:1198,0
DA:1199,0
DA:1204,0
DA:1205,0
DA:1206,0
DA:1207,0
DA:1208,0
DA:1210,0
DA:1211,0
DA:1216,0
DA:1217,0
DA:1218,0
DA:1220,0
DA:1221,0
DA:1224,0
DA:1225,0
DA:1227,0
DA:1229,0
DA:1230,0
DA:1235,0
DA:1237,0
DA:1238,0
DA:1240,0
DA:1241,0
DA:1246,0
DA:1247,0
DA:1248,0
DA:1255,0
DA:1257,0
DA:1259,0
DA:1260,0
DA:1265,0
DA:1266,0
DA:1269,0
DA:1271,0
DA:1273,0
DA:1274,0
DA:1282,0
DA:1283,0
DA:1292,0
DA:1294,0
DA:1295,0
DA:1300,0
DA:1301,0
DA:1310,0
DA:1312,0
DA:1314,0
DA:1319,0
DA:1320,0
DA:1334,0
DA:1336,0
DA:1337,0
DA:1342,0
DA:1343,0
DA:1349,0
DA:1354,0
DA:1355,0
DA:1362,0
DA:1366,0
DA:1368,0
DA:1369,0
DA:1377,0
DA:1378,0
DA:1379,0
DA:1380,0
DA:1382,0
DA:1383,0
DA:1388,0
DA:1389,0
DA:1390,0
DA:1392,0
DA:1393,0
DA:1395,0
DA:1396,0
DA:1401,0
DA:1402,0
DA:1403,0
DA:1404,0
DA:1406,0
DA:1407,0
DA:1412,0
DA:1413,0
DA:1414,0
DA:1418,0
DA:1419,0
DA:1420,0
DA:1421,0
DA:1422,0
DA:1423,0
DA:1425,0
DA:1426,0
DA:1429,0
DA:1430,0
DA:1432,0
DA:1433,0
DA:1438,0
DA:1439,0
DA:1440,0
DA:1441,0
DA:1442,0
DA:1444,0
DA:1445,0
DA:1450,0
DA:1451,0
DA:1452,0
DA:1453,0
DA:1455,0
DA:1456,0
DA:1464,0
DA:1465,0
DA:1467,0
DA:1468,0
DA:1469,0
DA:1470,0
DA:1471,0
DA:1472,0
DA:1477,0
DA:1478,0
DA:1482,0
DA:1483,0
DA:1484,0
DA:1485,0
DA:1487,0
DA:1488,0
DA:1489,0
DA:1490,0
DA:1494,0
DA:1496,0
DA:1497,0
DA:1498,0
DA:1501,0
DA:1505,0
DA:1506,0
DA:1514,0
LF:503
LH:0
BRDA:39,0,0,0
BRDA:39,0,1,0
BRDA:40,1,0,0
BRDA:40,1,1,0
BRDA:50,2,0,0
BRDA:50,2,1,0
BRDA:57,3,0,0
BRDA:57,3,1,0
BRDA:69,4,0,0
BRDA:69,4,1,0
BRDA:74,5,0,0
BRDA:74,5,1,0
BRDA:79,6,0,0
BRDA:79,6,1,0
BRDA:83,7,0,0
BRDA:83,7,1,0
BRDA:92,8,0,0
BRDA:92,8,1,0
BRDA:93,9,0,0
BRDA:93,9,1,0
BRDA:107,10,0,0
BRDA:107,10,1,0
BRDA:108,11,0,0
BRDA:108,11,1,0
BRDA:117,12,0,0
BRDA:117,12,1,0
BRDA:125,13,0,0
BRDA:125,13,1,0
BRDA:132,14,0,0
BRDA:132,14,1,0
BRDA:142,15,0,0
BRDA:142,15,1,0
BRDA:144,16,0,0
BRDA:144,16,1,0
BRDA:163,17,0,0
BRDA:163,17,1,0
BRDA:165,18,0,0
BRDA:165,18,1,0
BRDA:179,19,0,0
BRDA:186,20,0,0
BRDA:186,20,1,0
BRDA:204,21,0,0
BRDA:204,21,1,0
BRDA:212,22,0,0
BRDA:212,22,1,0
BRDA:212,23,0,0
BRDA:212,23,1,0
BRDA:213,24,0,0
BRDA:213,24,1,0
BRDA:223,25,0,0
BRDA:223,25,1,0
BRDA:228,26,0,0
BRDA:228,26,1,0
BRDA:233,27,0,0
BRDA:233,27,1,0
BRDA:245,28,0,0
BRDA:245,28,1,0
BRDA:249,29,0,0
BRDA:249,29,1,0
BRDA:250,30,0,0
BRDA:250,30,1,0
BRDA:254,31,0,0
BRDA:254,31,1,0
BRDA:273,32,0,0
BRDA:273,32,1,0
BRDA:740,33,0,0
BRDA:740,34,0,0
BRDA:740,35,0,0
BRDA:749,36,0,0
BRDA:749,37,0,0
BRDA:749,38,0,0
BRDA:767,39,0,0
BRDA:767,39,1,0
BRDA:798,40,0,0
BRDA:798,40,1,0
BRDA:824,41,0,0
BRDA:824,41,1,0
BRDA:863,42,0,0
BRDA:863,42,1,0
BRDA:893,43,0,0
BRDA:893,43,1,0
BRDA:909,44,0,0
BRDA:909,44,1,0
BRDA:949,45,0,0
BRDA:949,46,0,0
BRDA:962,47,0,0
BRDA:962,47,1,0
BRDA:979,48,0,0
BRDA:979,48,1,0
BRDA:996,49,0,0
BRDA:996,49,1,0
BRDA:1012,50,0,0
BRDA:1012,50,1,0
BRDA:1030,51,0,0
BRDA:1030,51,1,0
BRDA:1046,52,0,0
BRDA:1046,52,1,0
BRDA:1074,53,0,0
BRDA:1074,53,1,0
BRDA:1106,54,0,0
BRDA:1106,54,1,0
BRDA:1124,55,0,0
BRDA:1124,55,1,0
BRDA:1142,56,0,0
BRDA:1142,56,1,0
BRDA:1160,57,0,0
BRDA:1160,57,1,0
BRDA:1191,58,0,0
BRDA:1191,58,1,0
BRDA:1220,59,0,0
BRDA:1220,59,1,0
BRDA:1284,60,0,0
BRDA:1284,60,1,0
BRDA:1287,61,0,0
BRDA:1287,61,1,0
BRDA:1288,62,0,0
BRDA:1288,62,1,0
BRDA:1289,63,0,0
BRDA:1289,63,1,0
BRDA:1304,64,0,0
BRDA:1304,64,1,0
BRDA:1305,65,0,0
BRDA:1305,65,1,0
BRDA:1306,66,0,0
BRDA:1306,66,1,0
BRDA:1328,67,0,0
BRDA:1328,67,1,0
BRDA:1329,68,0,0
BRDA:1329,68,1,0
BRDA:1330,69,0,0
BRDA:1330,69,1,0
BRDA:1356,70,0,0
BRDA:1356,70,1,0
BRDA:1357,71,0,0
BRDA:1357,71,1,0
BRDA:1358,72,0,0
BRDA:1358,72,1,0
BRDA:1378,73,0,0
BRDA:1378,74,0,0
BRDA:1390,75,0,0
BRDA:1390,76,0,0
BRDA:1418,77,0,0
BRDA:1418,77,1,0
BRDA:1421,78,0,0
BRDA:1421,78,1,0
BRDA:1469,79,0,0
BRDA:1469,79,1,0
BRDA:1471,80,0,0
BRDA:1471,80,1,0
BRDA:1471,81,0,0
BRDA:1471,81,1,0
BRDA:1487,82,0,0
BRDA:1487,82,1,0
BRDA:1488,83,0,0
BRDA:1488,83,1,0
BRDA:1489,84,0,0
BRDA:1489,84,1,0
BRDA:1494,85,0,0
BRDA:1494,85,1,0
BRDA:1494,86,0,0
BRDA:1494,86,1,0
BRDA:1498,87,0,0
BRDA:1498,87,1,0
BRF:163
BRH:0
end_of_record
TN:
SF:src/auth/auth-manager.js
FN:11,(anonymous_0)
FN:47,(anonymous_1)
FN:48,(anonymous_2)
FN:68,(anonymous_3)
FN:84,(anonymous_4)
FN:95,(anonymous_5)
FN:137,(anonymous_6)
FN:139,(anonymous_7)
FN:164,(anonymous_8)
FN:178,(anonymous_9)
FN:213,(anonymous_10)
FN:252,(anonymous_11)
FN:280,(anonymous_12)
FN:314,(anonymous_13)
FN:345,(anonymous_14)
FN:369,(anonymous_15)
FN:403,(anonymous_16)
FN:432,(anonymous_17)
FN:474,(anonymous_18)
FN:492,(anonymous_19)
FN:512,(anonymous_20)
FN:531,(anonymous_21)
FN:550,(anonymous_22)
FN:578,(anonymous_23)
FN:616,(anonymous_24)
FN:657,(anonymous_25)
FN:682,(anonymous_26)
FN:692,(anonymous_27)
FN:704,(anonymous_28)
FN:709,(anonymous_29)
FN:719,(anonymous_30)
FN:744,(anonymous_31)
FN:767,(anonymous_32)
FN:768,(anonymous_33)
FN:795,(anonymous_34)
FN:797,(anonymous_35)
FN:811,(anonymous_36)
FNF:37
FNH:21
FNDA:44,(anonymous_0)
FNDA:44,(anonymous_1)
FNDA:0,(anonymous_2)
FNDA:44,(anonymous_3)
FNDA:39,(anonymous_4)
FNDA:1,(anonymous_5)
FNDA:6,(anonymous_6)
FNDA:5,(anonymous_7)
FNDA:4,(anonymous_8)
FNDA:2,(anonymous_9)
FNDA:5,(anonymous_10)
FNDA:2,(anonymous_11)
FNDA:18,(anonymous_12)
FNDA:13,(anonymous_13)
FNDA:14,(anonymous_14)
FNDA:1,(anonymous_15)
FNDA:7,(anonymous_16)
FNDA:10,(anonymous_17)
FNDA:7,(anonymous_18)
FNDA:1,(anonymous_19)
FNDA:1,(anonymous_20)
FNDA:6,(anonymous_21)
FNDA:0,(anonymous_22)
FNDA:0,(anonymous_23)
FNDA:0,(anonymous_24)
FNDA:0,(anonymous_25)
FNDA:0,(anonymous_26)
FNDA:0,(anonymous_27)
FNDA:0,(anonymous_28)
FNDA:0,(anonymous_29)
FNDA:0,(anonymous_30)
FNDA:0,(anonymous_31)
FNDA:0,(anonymous_32)
FNDA:0,(anonymous_33)
FNDA:0,(anonymous_34)
FNDA:0,(anonymous_35)
FNDA:0,(anonymous_36)
DA:12,44
DA:15,44
DA:18,44
DA:22,0
DA:28,44
DA:29,44
DA:30,44
DA:31,44
DA:32,44
DA:35,44
DA:36,44
DA:37,44
DA:38,44
DA:41,44
DA:48,44
DA:49,0
DA:50,0
DA:52,0
DA:53,0
DA:54,0
DA:55,0
DA:59,0
DA:60,0
DA:69,44
DA:70,44
DA:85,39
DA:87,39
DA:88,1
DA:90,38
DA:91,1
DA:95,37
DA:96,37
DA:97,1
DA:101,36
DA:104,36
DA:107,36
DA:117,36
DA:120,36
DA:123,36
DA:124,36
DA:126,3
DA:127,0
DA:138,6
DA:139,6
DA:140,6
DA:141,1
DA:144,5
DA:145,5
DA:146,3
DA:147,3
DA:151,2
DA:152,2
DA:154,0
DA:155,0
DA:165,4
DA:166,4
DA:168,1
DA:169,1
DA:179,2
DA:180,2
DA:181,2
DA:182,0
DA:186,2
DA:187,2
DA:189,2
DA:190,1
DA:193,2
DA:194,2
DA:196,2
DA:198,2
DA:199,2
DA:201,0
DA:202,0
DA:214,5
DA:215,5
DA:216,5
DA:217,1
DA:221,4
DA:222,4
DA:223,1
DA:227,3
DA:228,0
DA:232,3
DA:233,3
DA:234,3
DA:237,3
DA:239,3
DA:240,3
DA:242,2
DA:243,1
DA:253,2
DA:254,2
DA:255,0
DA:259,2
DA:262,2
DA:264,2
DA:265,2
DA:267,0
DA:268,0
DA:281,18
DA:282,18
DA:283,18
DA:284,0
DA:287,18
DA:296,18
DA:301,18
DA:302,18
DA:304,0
DA:305,0
DA:315,13
DA:316,13
DA:317,13
DA:318,0
DA:321,13
DA:327,13
DA:332,13
DA:333,13
DA:335,0
DA:336,0
DA:346,14
DA:348,14
DA:349,2
DA:350,2
DA:353,12
DA:357,9
DA:359,3
DA:360,3
DA:370,1
DA:371,1
DA:372,1
DA:373,0
DA:376,1
DA:377,1
DA:378,0
DA:382,1
DA:383,1
DA:385,1
DA:387,1
DA:392,0
DA:393,0
DA:404,7
DA:405,7
DA:406,7
DA:407,1
DA:410,6
DA:416,6
DA:417,6
DA:419,0
DA:420,0
DA:433,10
DA:434,10
DA:435,0
DA:438,10
DA:439,10
DA:440,10
DA:442,10
DA:453,10
DA:455,10
DA:457,10
DA:464,0
DA:465,0
DA:475,7
DA:476,7
DA:479,2
DA:480,1
DA:481,1
DA:484,1
DA:493,1
DA:494,1
DA:497,1
DA:498,0
DA:499,0
DA:502,1
DA:503,1
DA:504,1
DA:513,1
DA:514,1
DA:517,1
DA:520,1
DA:522,1
DA:523,1
DA:532,6
DA:533,6
DA:534,3
DA:535,3
DA:536,3
DA:537,3
DA:541,6
DA:542,6
DA:551,0
DA:552,0
DA:554,0
DA:555,0
DA:556,0
DA:565,0
DA:579,0
DA:580,0
DA:581,0
DA:584,0
DA:593,0
DA:595,0
DA:596,0
DA:598,0
DA:599,0
DA:617,0
DA:619,0
DA:620,0
DA:623,0
DA:624,0
DA:628,0
DA:629,0
DA:631,0
DA:634,0
DA:636,0
DA:638,0
DA:639,0
DA:658,0
DA:659,0
DA:663,0
DA:665,0
DA:666,0
DA:668,0
DA:671,0
DA:673,0
DA:674,0
DA:683,0
DA:684,0
DA:693,0
DA:705,0
DA:706,0
DA:708,0
DA:709,0
DA:720,0
DA:721,0
DA:722,0
DA:723,0
DA:726,0
DA:728,0
DA:729,0
DA:731,0
DA:734,0
DA:745,0
DA:746,0
DA:747,0
DA:750,0
DA:751,0
DA:752,0
DA:755,0
DA:768,0
DA:769,0
DA:770,0
DA:771,0
DA:774,0
DA:775,0
DA:777,0
DA:778,0
DA:781,0
DA:782,0
DA:783,0
DA:785,0
DA:796,0
DA:797,0
DA:799,0
DA:812,0
DA:813,0
DA:814,0
DA:815,0
DA:816,0
LF:268
LH:153
BRDA:11,0,0,0
BRDA:15,1,0,44
BRDA:15,1,1,0
BRDA:18,2,0,0
BRDA:18,2,1,44
BRDA:18,3,0,44
BRDA:18,3,1,44
BRDA:18,3,2,44
BRDA:18,3,3,44
BRDA:28,4,0,44
BRDA:28,4,1,0
BRDA:29,5,0,44
BRDA:29,5,1,0
BRDA:30,6,0,44
BRDA:30,6,1,0
BRDA:31,7,0,44
BRDA:31,7,1,0
BRDA:32,8,0,44
BRDA:32,8,1,44
BRDA:53,9,0,0
BRDA:53,9,1,0
BRDA:59,10,0,0
BRDA:59,10,1,0
BRDA:69,11,0,44
BRDA:69,11,1,0
BRDA:84,12,0,36
BRDA:84,13,0,38
BRDA:87,14,0,1
BRDA:87,14,1,38
BRDA:87,15,0,39
BRDA:87,15,1,39
BRDA:87,15,2,39
BRDA:90,16,0,1
BRDA:90,16,1,37
BRDA:90,17,0,38
BRDA:90,17,1,38
BRDA:90,17,2,38
BRDA:96,18,0,1
BRDA:96,18,1,36
BRDA:140,19,0,1
BRDA:140,19,1,5
BRDA:145,20,0,3
BRDA:145,20,1,2
BRDA:166,21,0,3
BRDA:166,21,1,1
BRDA:178,22,0,0
BRDA:181,23,0,0
BRDA:181,23,1,2
BRDA:186,24,0,2
BRDA:186,24,1,0
BRDA:186,25,0,2
BRDA:186,25,1,2
BRDA:189,26,0,1
BRDA:189,26,1,1
BRDA:189,27,0,2
BRDA:189,27,1,1
BRDA:216,28,0,1
BRDA:216,28,1,4
BRDA:222,29,0,1
BRDA:222,29,1,3
BRDA:227,30,0,0
BRDA:227,30,1,3
BRDA:227,31,0,3
BRDA:227,31,1,3
BRDA:227,31,2,3
BRDA:254,32,0,0
BRDA:254,32,1,2
BRDA:280,33,0,17
BRDA:283,34,0,0
BRDA:283,34,1,18
BRDA:317,35,0,0
BRDA:317,35,1,13
BRDA:348,36,0,2
BRDA:348,36,1,12
BRDA:372,37,0,0
BRDA:372,37,1,1
BRDA:372,38,0,1
BRDA:372,38,1,1
BRDA:377,39,0,0
BRDA:377,39,1,1
BRDA:403,40,0,2
BRDA:406,41,0,1
BRDA:406,41,1,6
BRDA:432,42,0,10
BRDA:434,43,0,0
BRDA:434,43,1,10
BRDA:476,44,0,5
BRDA:476,44,1,2
BRDA:479,45,0,1
BRDA:479,45,1,1
BRDA:494,46,0,0
BRDA:494,46,1,1
BRDA:497,47,0,0
BRDA:497,47,1,1
BRDA:514,48,0,0
BRDA:514,48,1,1
BRDA:534,49,0,3
BRDA:534,49,1,0
BRDA:555,50,0,0
BRDA:555,50,1,0
BRDA:555,51,0,0
BRDA:555,51,1,0
BRDA:578,52,0,0
BRDA:578,53,0,0
BRDA:580,54,0,0
BRDA:580,54,1,0
BRDA:580,55,0,0
BRDA:580,55,1,0
BRDA:616,56,0,0
BRDA:628,57,0,0
BRDA:628,57,1,0
BRDA:628,58,0,0
BRDA:628,58,1,0
BRDA:628,58,2,0
BRDA:665,59,0,0
BRDA:665,59,1,0
BRDA:693,60,0,0
BRDA:693,60,1,0
BRDA:706,61,0,0
BRDA:706,61,1,0
BRDA:708,62,0,0
BRDA:708,62,1,0
BRDA:719,63,0,0
BRDA:721,64,0,0
BRDA:721,64,1,0
BRDA:728,65,0,0
BRDA:728,65,1,0
BRDA:744,66,0,0
BRDA:746,67,0,0
BRDA:746,67,1,0
BRDA:751,68,0,0
BRDA:751,68,1,0
BRDA:767,69,0,0
BRDA:770,70,0,0
BRDA:770,70,1,0
BRDA:770,71,0,0
BRDA:770,71,1,0
BRDA:777,72,0,0
BRDA:777,72,1,0
BRF:139
BRH:72
end_of_record
TN:
SF:src/cache/cache-manager.js
FN:11,(anonymous_0)
FN:32,(anonymous_1)
FN:71,(anonymous_2)
FN:75,(anonymous_3)
FN:81,(anonymous_4)
FN:88,(anonymous_5)
FN:101,(anonymous_6)
FN:102,(anonymous_7)
FN:106,(anonymous_8)
FN:116,(anonymous_9)
FN:163,(anonymous_10)
FN:194,(anonymous_11)
FN:222,(anonymous_12)
FN:239,(anonymous_13)
FN:261,(anonymous_14)
FN:287,(anonymous_15)
FN:303,(anonymous_16)
FN:344,(anonymous_17)
FN:358,(anonymous_18)
FN:371,(anonymous_19)
FN:386,(anonymous_20)
FN:389,(anonymous_21)
FN:402,createCacheManager
FN:409,getCacheManager
FNF:24
FNH:0
FNDA:0,(anonymous_0)
FNDA:0,(anonymous_1)
FNDA:0,(anonymous_2)
FNDA:0,(anonymous_3)
FNDA:0,(anonymous_4)
FNDA:0,(anonymous_5)
FNDA:0,(anonymous_6)
FNDA:0,(anonymous_7)
FNDA:0,(anonymous_8)
FNDA:0,(anonymous_9)
FNDA:0,(anonymous_10)
FNDA:0,(anonymous_11)
FNDA:0,(anonymous_12)
FNDA:0,(anonymous_13)
FNDA:0,(anonymous_14)
FNDA:0,(anonymous_15)
FNDA:0,(anonymous_16)
FNDA:0,(anonymous_17)
FNDA:0,(anonymous_18)
FNDA:0,(anonymous_19)
FNDA:0,(anonymous_20)
FNDA:0,(anonymous_21)
FNDA:0,createCacheManager
FNDA:0,getCacheManager
DA:12,0
DA:14,0
DA:33,0
DA:34,0
DA:35,0
DA:37,0
DA:43,0
DA:46,0
DA:47,0
DA:49,0
DA:50,0
DA:54,0
DA:65,0
DA:72,0
DA:73,0
DA:75,0
DA:76,0
DA:77,0
DA:78,0
DA:81,0
DA:82,0
DA:83,0
DA:84,0
DA:85,0
DA:88,0
DA:89,0
DA:93,0
DA:94,0
DA:102,0
DA:103,0
DA:106,0
DA:107,0
DA:117,0
DA:119,0
DA:120,0
DA:121,0
DA:122,0
DA:123,0
DA:126,0
DA:129,0
DA:130,0
DA:131,0
DA:132,0
DA:133,0
DA:136,0
DA:137,0
DA:139,0
DA:142,0
DA:145,0
DA:146,0
DA:149,0
DA:150,0
DA:151,0
DA:152,0
DA:164,0
DA:165,0
DA:168,0
DA:171,0
DA:172,0
DA:173,0
DA:176,0
DA:177,0
DA:179,0
DA:182,0
DA:183,0
DA:184,0
DA:185,0
DA:195,0
DA:197,0
DA:200,0
DA:201,0
DA:204,0
DA:205,0
DA:207,0
DA:210,0
DA:211,0
DA:212,0
DA:213,0
DA:223,0
DA:225,0
DA:226,0
DA:227,0
DA:231,0
DA:241,0
DA:242,0
DA:246,0
DA:247,0
DA:248,0
DA:251,0
DA:263,0
DA:264,0
DA:265,0
DA:269,0
DA:270,0
DA:273,0
DA:275,0
DA:278,0
DA:279,0
DA:289,0
DA:292,0
DA:293,0
DA:296,0
DA:304,0
DA:306,0
DA:307,0
DA:311,0
DA:312,0
DA:316,0
DA:345,0
DA:346,0
DA:348,0
DA:349,0
DA:359,0
DA:360,0
DA:362,0
DA:363,0
DA:372,0
DA:374,0
DA:375,0
DA:378,0
DA:387,0
DA:389,0
DA:390,0
DA:393,0
DA:395,0
DA:400,0
DA:403,0
DA:404,0
DA:406,0
DA:410,0
DA:411,0
DA:413,0
LF:132
LH:0
BRDA:11,0,0,0
BRDA:17,1,0,0
BRDA:17,1,1,0
BRDA:18,2,0,0
BRDA:18,2,1,0
BRDA:19,3,0,0
BRDA:19,3,1,0
BRDA:25,4,0,0
BRDA:25,4,1,0
BRDA:26,5,0,0
BRDA:26,5,1,0
BRDA:27,6,0,0
BRDA:27,6,1,0
BRDA:29,7,0,0
BRDA:29,7,1,0
BRDA:33,8,0,0
BRDA:33,8,1,0
BRDA:49,9,0,0
BRDA:49,9,1,0
BRDA:120,10,0,0
BRDA:120,10,1,0
BRDA:129,11,0,0
BRDA:129,11,1,0
BRDA:129,12,0,0
BRDA:129,12,1,0
BRDA:131,13,0,0
BRDA:131,13,1,0
BRDA:163,14,0,0
BRDA:165,15,0,0
BRDA:165,15,1,0
BRDA:171,16,0,0
BRDA:171,16,1,0
BRDA:171,17,0,0
BRDA:171,17,1,0
BRDA:200,18,0,0
BRDA:200,18,1,0
BRDA:200,19,0,0
BRDA:200,19,1,0
BRDA:226,20,0,0
BRDA:226,20,1,0
BRDA:241,21,0,0
BRDA:241,21,1,0
BRDA:246,22,0,0
BRDA:246,22,1,0
BRDA:246,23,0,0
BRDA:246,23,1,0
BRDA:261,24,0,0
BRDA:264,25,0,0
BRDA:264,25,1,0
BRDA:292,26,0,0
BRDA:292,26,1,0
BRDA:292,27,0,0
BRDA:292,27,1,0
BRDA:307,28,0,0
BRDA:307,28,1,0
BRDA:312,29,0,0
BRDA:312,29,1,0
BRDA:374,30,0,0
BRDA:374,30,1,0
BRDA:403,31,0,0
BRDA:403,31,1,0
BRDA:410,32,0,0
BRDA:410,32,1,0
BRF:63
BRH:0
end_of_record
TN:
SF:src/call/call-manager.js
FN:41,(anonymous_0)
FN:48,(anonymous_1)
FN:61,(anonymous_2)
FN:69,(anonymous_3)
FN:84,(anonymous_4)
FN:136,(anonymous_5)
FN:186,(anonymous_6)
FN:199,(anonymous_7)
FN:228,(anonymous_8)
FN:235,(anonymous_9)
FN:242,(anonymous_10)
FN:249,(anonymous_11)
FN:270,(anonymous_12)
FN:282,(anonymous_13)
FN:294,(anonymous_14)
FN:302,(anonymous_15)
FN:324,(anonymous_16)
FN:383,(anonymous_17)
FN:394,(anonymous_18)
FN:430,(anonymous_19)
FN:436,(anonymous_20)
FN:457,(anonymous_21)
FN:501,(anonymous_22)
FN:532,(anonymous_23)
FN:545,(anonymous_24)
FN:556,(anonymous_25)
FN:588,(anonymous_26)
FN:621,(anonymous_27)
FN:658,(anonymous_28)
FN:698,(anonymous_29)
FN:708,(anonymous_30)
FN:773,(anonymous_31)
FN:822,(anonymous_32)
FN:860,(anonymous_33)
FN:890,(anonymous_34)
FN:920,(anonymous_35)
FN:950,(anonymous_36)
FN:964,(anonymous_37)
FN:978,(anonymous_38)
FN:993,(anonymous_39)
FN:1057,(anonymous_40)
FN:1086,(anonymous_41)
FN:1113,(anonymous_42)
FN:1148,(anonymous_43)
FN:1164,(anonymous_44)
FN:1174,(anonymous_45)
FN:1176,(anonymous_46)
FN:1176,(anonymous_47)
FN:1182,(anonymous_48)
FN:1189,(anonymous_49)
FN:1202,(anonymous_50)
FN:1214,(anonymous_51)
FN:1222,(anonymous_52)
FN:1229,(anonymous_53)
FN:1230,(anonymous_54)
FN:1238,(anonymous_55)
FN:1263,(anonymous_56)
FN:1272,(anonymous_57)
FN:1310,(anonymous_58)
FNF:59
FNH:27
FNDA:45,(anonymous_0)
FNDA:45,(anonymous_1)
FNDA:2,(anonymous_2)
FNDA:0,(anonymous_3)
FNDA:45,(anonymous_4)
FNDA:0,(anonymous_5)
FNDA:2,(anonymous_6)
FNDA:67,(anonymous_7)
FNDA:1,(anonymous_8)
FNDA:60,(anonymous_9)
FNDA:4,(anonymous_10)
FNDA:30,(anonymous_11)
FNDA:2,(anonymous_12)
FNDA:1,(anonymous_13)
FNDA:4,(anonymous_14)
FNDA:55,(anonymous_15)
FNDA:45,(anonymous_16)
FNDA:45,(anonymous_17)
FNDA:45,(anonymous_18)
FNDA:4,(anonymous_19)
FNDA:0,(anonymous_20)
FNDA:2,(anonymous_21)
FNDA:2,(anonymous_22)
FNDA:1,(anonymous_23)
FNDA:0,(anonymous_24)
FNDA:2,(anonymous_25)
FNDA:4,(anonymous_26)
FNDA:0,(anonymous_27)
FNDA:0,(anonymous_28)
FNDA:0,(anonymous_29)
FNDA:0,(anonymous_30)
FNDA:0,(anonymous_31)
FNDA:0,(anonymous_32)
FNDA:0,(anonymous_33)
FNDA:0,(anonymous_34)
FNDA:0,(anonymous_35)
FNDA:0,(anonymous_36)
FNDA:0,(anonymous_37)
FNDA:0,(anonymous_38)
FNDA:0,(anonymous_39)
FNDA:0,(anonymous_40)
FNDA:2,(anonymous_41)
FNDA:0,(anonymous_42)
FNDA:45,(anonymous_43)
FNDA:0,(anonymous_44)
FNDA:0,(anonymous_45)
FNDA:0,(anonymous_46)
FNDA:0,(anonymous_47)
FNDA:0,(anonymous_48)
FNDA:0,(anonymous_49)
FNDA:0,(anonymous_50)
FNDA:0,(anonymous_51)
FNDA:45,(anonymous_52)
FNDA:45,(anonymous_53)
FNDA:0,(anonymous_54)
FNDA:0,(anonymous_55)
FNDA:0,(anonymous_56)
FNDA:0,(anonymous_57)
FNDA:0,(anonymous_58)
DA:15,1
DA:32,1
DA:42,45
DA:43,45
DA:44,45
DA:45,45
DA:50,45
DA:51,0
DA:52,0
DA:53,0
DA:55,45
DA:56,45
DA:58,45
DA:62,2
DA:64,2
DA:65,2
DA:70,0
DA:85,45
DA:86,45
DA:87,45
DA:90,45
DA:91,45
DA:92,45
DA:93,45
DA:94,45
DA:97,45
DA:98,45
DA:99,45
DA:102,45
DA:103,45
DA:106,45
DA:107,45
DA:108,45
DA:109,45
DA:110,45
DA:111,45
DA:112,45
DA:115,45
DA:116,45
DA:117,45
DA:118,45
DA:121,45
DA:137,0
DA:138,0
DA:139,0
DA:141,0
DA:142,0
DA:143,0
DA:144,0
DA:145,0
DA:147,0
DA:148,0
DA:149,0
DA:151,0
DA:152,0
DA:154,0
DA:155,0
DA:156,0
DA:157,0
DA:158,0
DA:159,0
DA:160,0
DA:162,0
DA:163,0
DA:164,0
DA:167,0
DA:168,0
DA:169,0
DA:171,0
DA:187,2
DA:188,2
DA:189,2
DA:190,2
DA:191,0
DA:192,0
DA:200,67
DA:203,67
DA:204,15
DA:205,15
DA:206,3
DA:207,3
DA:211,64
DA:222,64
DA:229,1
DA:236,60
DA:243,4
DA:250,30
DA:251,30
DA:254,30
DA:255,11
DA:256,19
DA:257,4
DA:258,4
DA:259,1
DA:263,30
DA:264,30
DA:271,2
DA:272,2
DA:273,2
DA:274,2
DA:276,0
DA:283,1
DA:284,1
DA:285,1
DA:286,1
DA:288,0
DA:295,4
DA:303,55
DA:325,45
DA:327,45
DA:328,45
DA:329,45
DA:330,45
DA:331,45
DA:334,45
DA:335,45
DA:336,45
DA:339,45
DA:342,45
DA:355,45
DA:358,45
DA:371,45
DA:373,45
DA:384,45
DA:385,45
DA:386,45
DA:387,45
DA:395,45
DA:397,45
DA:399,45
DA:400,45
DA:401,45
DA:402,45
DA:405,45
DA:413,45
DA:414,45
DA:415,45
DA:417,45
DA:423,45
DA:424,45
DA:431,4
DA:432,4
DA:433,4
DA:436,4
DA:437,0
DA:438,0
DA:442,4
DA:443,4
DA:446,4
DA:447,4
DA:449,0
DA:450,0
DA:458,2
DA:459,2
DA:460,2
DA:463,2
DA:464,0
DA:467,2
DA:470,2
DA:479,2
DA:480,2
DA:484,2
DA:486,2
DA:488,2
DA:489,2
DA:491,2
DA:493,0
DA:494,0
DA:502,2
DA:503,2
DA:504,2
DA:506,2
DA:507,0
DA:510,2
DA:513,2
DA:514,2
DA:517,2
DA:518,2
DA:521,2
DA:522,2
DA:524,0
DA:525,0
DA:533,1
DA:534,1
DA:535,0
DA:536,0
DA:539,1
DA:540,1
DA:542,1
DA:545,1
DA:546,0
DA:547,0
DA:550,1
DA:557,2
DA:558,2
DA:560,2
DA:561,2
DA:563,2
DA:564,0
DA:568,2
DA:569,2
DA:570,1
DA:571,1
DA:574,2
DA:577,2
DA:578,2
DA:581,2
DA:582,2
DA:589,4
DA:590,4
DA:592,4
DA:593,6
DA:594,6
DA:604,6
DA:605,6
DA:606,6
DA:611,4
DA:613,0
DA:614,0
DA:622,0
DA:623,0
DA:624,0
DA:626,0
DA:627,0
DA:628,0
DA:632,0
DA:633,0
DA:634,0
DA:636,0
DA:637,0
DA:638,0
DA:641,0
DA:642,0
DA:645,0
DA:646,0
DA:648,0
DA:650,0
DA:651,0
DA:659,0
DA:660,0
DA:661,0
DA:663,0
DA:664,0
DA:665,0
DA:668,0
DA:671,0
DA:672,0
DA:673,0
DA:675,0
DA:676,0
DA:678,0
DA:686,0
DA:688,0
DA:690,0
DA:691,0
DA:699,0
DA:700,0
DA:701,0
DA:709,0
DA:710,0
DA:711,0
DA:714,0
DA:715,0
DA:720,0
DA:722,0
DA:724,0
DA:725,0
DA:726,0
DA:727,0
DA:730,0
DA:731,0
DA:740,0
DA:741,0
DA:743,0
DA:744,0
DA:747,0
DA:750,0
DA:752,0
DA:754,0
DA:756,0
DA:757,0
DA:763,0
DA:765,0
DA:766,0
DA:774,0
DA:775,0
DA:776,0
DA:777,0
DA:779,0
DA:780,0
DA:783,0
DA:791,0
DA:794,0
DA:801,0
DA:802,0
DA:805,0
DA:806,0
DA:812,0
DA:814,0
DA:815,0
DA:823,0
DA:824,0
DA:825,0
DA:827,0
DA:830,0
DA:831,0
DA:832,0
DA:834,0
DA:836,0
DA:838,0
DA:839,0
DA:846,0
DA:847,0
DA:850,0
DA:852,0
DA:853,0
DA:861,0
DA:862,0
DA:863,0
DA:865,0
DA:866,0
DA:869,0
DA:870,0
DA:873,0
DA:874,0
DA:877,0
DA:878,0
DA:880,0
DA:882,0
DA:883,0
DA:891,0
DA:892,0
DA:893,0
DA:895,0
DA:896,0
DA:899,0
DA:900,0
DA:903,0
DA:904,0
DA:907,0
DA:908,0
DA:910,0
DA:912,0
DA:913,0
DA:921,0
DA:922,0
DA:923,0
DA:925,0
DA:926,0
DA:929,0
DA:930,0
DA:933,0
DA:934,0
DA:940,0
DA:942,0
DA:943,0
DA:951,0
DA:952,0
DA:954,0
DA:955,0
DA:956,0
DA:958,0
DA:965,0
DA:966,0
DA:968,0
DA:969,0
DA:970,0
DA:972,0
DA:979,0
DA:980,0
DA:982,0
DA:983,0
DA:985,0
DA:986,0
DA:987,0
DA:994,0
DA:995,0
DA:996,0
DA:997,0
DA:998,0
DA:1002,0
DA:1003,0
DA:1007,0
DA:1008,0
DA:1009,0
DA:1013,0
DA:1014,0
DA:1015,0
DA:1018,0
DA:1020,0
DA:1023,0
DA:1024,0
DA:1028,0
DA:1030,0
DA:1038,0
DA:1045,0
DA:1047,0
DA:1049,0
DA:1050,0
DA:1058,0
DA:1059,0
DA:1060,0
DA:1063,0
DA:1079,0
DA:1087,2
DA:1088,2
DA:1091,2
DA:1092,2
DA:1093,2
DA:1094,2
DA:1099,2
DA:1102,2
DA:1105,2
DA:1107,2
DA:1114,0
DA:1115,0
DA:1117,0
DA:1118,0
DA:1119,0
DA:1120,0
DA:1122,0
DA:1124,0
DA:1126,0
DA:1128,0
DA:1130,0
DA:1132,0
DA:1138,0
DA:1140,0
DA:1141,0
DA:1149,45
DA:1150,45
DA:1152,45
DA:1155,45
DA:1156,45
DA:1158,45
DA:1165,0
DA:1166,0
DA:1167,0
DA:1175,0
DA:1176,0
DA:1183,0
DA:1190,0
DA:1191,0
DA:1192,0
DA:1193,0
DA:1196,0
DA:1203,0
DA:1204,0
DA:1206,0
DA:1207,0
DA:1215,0
DA:1216,0
DA:1223,45
DA:1230,45
DA:1231,0
DA:1239,0
DA:1240,0
DA:1242,0
DA:1244,0
DA:1245,0
DA:1246,0
DA:1247,0
DA:1252,0
DA:1253,0
DA:1254,0
DA:1255,0
DA:1261,0
DA:1262,0
DA:1263,0
DA:1264,0
DA:1274,0
DA:1277,0
DA:1278,0
DA:1279,0
DA:1280,0
DA:1283,0
DA:1285,0
DA:1288,0
DA:1290,0
DA:1311,0
LF:480
LH:185
BRDA:41,0,0,0
BRDA:50,1,0,0
BRDA:50,1,1,45
BRDA:62,2,0,2
BRDA:62,2,1,0
BRDA:75,3,0,0
BRDA:75,3,1,0
BRDA:116,4,0,45
BRDA:116,4,1,0
BRDA:117,5,0,45
BRDA:117,5,1,0
BRDA:118,6,0,45
BRDA:118,6,1,0
BRDA:162,7,0,0
BRDA:162,7,1,0
BRDA:167,8,0,0
BRDA:167,8,1,0
BRDA:168,9,0,0
BRDA:168,9,1,0
BRDA:169,10,0,0
BRDA:169,10,1,0
BRDA:190,11,0,0
BRDA:190,11,1,2
BRDA:203,12,0,15
BRDA:203,12,1,52
BRDA:204,13,0,15
BRDA:204,13,1,0
BRDA:205,14,0,3
BRDA:205,14,1,12
BRDA:254,15,0,11
BRDA:254,15,1,19
BRDA:254,16,0,30
BRDA:254,16,1,11
BRDA:256,17,0,4
BRDA:256,17,1,15
BRDA:256,18,0,19
BRDA:256,18,1,16
BRDA:258,19,0,1
BRDA:258,19,1,3
BRDA:272,20,0,2
BRDA:272,20,1,0
BRDA:284,21,0,1
BRDA:284,21,1,0
BRDA:339,22,0,45
BRDA:339,22,1,45
BRDA:347,23,0,45
BRDA:347,23,1,0
BRDA:348,24,0,45
BRDA:348,24,1,0
BRDA:349,25,0,45
BRDA:349,25,1,0
BRDA:385,26,0,45
BRDA:385,26,1,0
BRDA:394,27,0,38
BRDA:402,28,0,45
BRDA:402,28,1,0
BRDA:442,29,0,4
BRDA:442,29,1,0
BRDA:460,30,0,0
BRDA:460,30,1,2
BRDA:463,31,0,0
BRDA:463,31,1,2
BRDA:479,32,0,2
BRDA:479,32,1,0
BRDA:501,33,0,0
BRDA:504,34,0,0
BRDA:504,34,1,2
BRDA:506,35,0,0
BRDA:506,35,1,2
BRDA:513,36,0,2
BRDA:513,36,1,0
BRDA:534,37,0,0
BRDA:534,37,1,1
BRDA:540,38,0,0
BRDA:540,38,1,1
BRDA:558,39,0,0
BRDA:558,39,1,2
BRDA:561,40,0,0
BRDA:561,40,1,2
BRDA:563,41,0,0
BRDA:563,41,1,2
BRDA:569,42,0,1
BRDA:569,42,1,1
BRDA:569,43,0,2
BRDA:569,43,1,2
BRDA:577,44,0,2
BRDA:577,44,1,0
BRDA:593,45,0,6
BRDA:593,45,1,0
BRDA:598,46,0,6
BRDA:598,46,1,0
BRDA:604,47,0,6
BRDA:604,47,1,0
BRDA:624,48,0,0
BRDA:624,48,1,0
BRDA:626,49,0,0
BRDA:626,49,1,0
BRDA:641,50,0,0
BRDA:641,50,1,0
BRDA:661,51,0,0
BRDA:661,51,1,0
BRDA:663,52,0,0
BRDA:663,52,1,0
BRDA:671,53,0,0
BRDA:671,53,1,0
BRDA:671,54,0,0
BRDA:671,54,1,0
BRDA:700,55,0,0
BRDA:700,55,1,0
BRDA:700,56,0,0
BRDA:700,56,1,0
BRDA:710,57,0,0
BRDA:710,57,1,0
BRDA:714,58,0,0
BRDA:714,58,1,0
BRDA:727,59,0,0
BRDA:727,59,1,0
BRDA:776,60,0,0
BRDA:776,60,1,0
BRDA:777,61,0,0
BRDA:777,61,1,0
BRDA:779,62,0,0
BRDA:779,62,1,0
BRDA:801,63,0,0
BRDA:801,63,1,0
BRDA:825,64,0,0
BRDA:825,64,1,0
BRDA:831,65,0,0
BRDA:831,65,1,0
BRDA:831,66,0,0
BRDA:831,66,1,0
BRDA:846,67,0,0
BRDA:846,67,1,0
BRDA:846,68,0,0
BRDA:846,68,1,0
BRDA:863,69,0,0
BRDA:863,69,1,0
BRDA:865,70,0,0
BRDA:865,70,1,0
BRDA:873,71,0,0
BRDA:873,71,1,0
BRDA:893,72,0,0
BRDA:893,72,1,0
BRDA:895,73,0,0
BRDA:895,73,1,0
BRDA:903,74,0,0
BRDA:903,74,1,0
BRDA:923,75,0,0
BRDA:923,75,1,0
BRDA:929,76,0,0
BRDA:929,76,1,0
BRDA:952,77,0,0
BRDA:952,77,1,0
BRDA:955,78,0,0
BRDA:955,78,1,0
BRDA:966,79,0,0
BRDA:966,79,1,0
BRDA:969,80,0,0
BRDA:969,80,1,0
BRDA:980,81,0,0
BRDA:980,81,1,0
BRDA:983,82,0,0
BRDA:983,82,1,0
BRDA:993,83,0,0
BRDA:996,84,0,0
BRDA:996,84,1,0
BRDA:1002,85,0,0
BRDA:1002,85,1,0
BRDA:1007,86,0,0
BRDA:1007,86,1,0
BRDA:1014,87,0,0
BRDA:1014,87,1,0
BRDA:1015,88,0,0
BRDA:1015,88,1,0
BRDA:1023,89,0,0
BRDA:1023,89,1,0
BRDA:1059,90,0,0
BRDA:1059,90,1,0
BRDA:1074,91,0,0
BRDA:1074,91,1,0
BRDA:1088,92,0,0
BRDA:1088,92,1,2
BRDA:1093,93,0,2
BRDA:1093,93,1,0
BRDA:1115,94,0,0
BRDA:1115,94,1,0
BRDA:1119,95,0,0
BRDA:1119,95,1,0
BRDA:1120,96,0,0
BRDA:1120,96,1,0
BRDA:1120,96,2,0
BRDA:1120,96,3,0
BRDA:1120,96,4,0
BRDA:1120,96,5,0
BRDA:1149,97,0,45
BRDA:1149,97,1,0
BRDA:1155,98,0,45
BRDA:1155,98,1,0
BRDA:1166,99,0,0
BRDA:1166,99,1,0
BRDA:1175,100,0,0
BRDA:1175,100,1,0
BRDA:1192,101,0,0
BRDA:1192,101,1,0
BRDA:1204,102,0,0
BRDA:1204,102,1,0
BRDA:1206,103,0,0
BRDA:1206,103,1,0
BRDA:1216,104,0,0
BRDA:1216,104,1,0
BRDA:1244,105,0,0
BRDA:1244,105,1,0
BRDA:1244,106,0,0
BRDA:1244,106,1,0
BRDA:1246,107,0,0
BRDA:1246,107,1,0
BRDA:1252,108,0,0
BRDA:1252,108,1,0
BRDA:1252,109,0,0
BRDA:1252,109,1,0
BRDA:1254,110,0,0
BRDA:1254,110,1,0
BRDA:1279,111,0,0
BRDA:1279,111,1,0
BRDA:1279,112,0,0
BRDA:1279,112,1,0
BRDA:1297,113,0,0
BRDA:1297,113,1,0
BRDA:1314,114,0,0
BRDA:1314,114,1,0
BRDA:1315,115,0,0
BRDA:1315,115,1,0
BRDA:1316,116,0,0
BRDA:1316,116,1,0
BRF:234
BRH:55
end_of_record
TN:
SF:src/database/database.js
FN:20,(anonymous_0)
FN:97,(anonymous_1)
FN:127,(anonymous_2)
FN:148,(anonymous_3)
FN:151,(anonymous_4)
FN:159,(anonymous_5)
FN:176,(anonymous_6)
FN:187,(anonymous_7)
FN:317,(anonymous_8)
FN:457,(anonymous_9)
FN:491,(anonymous_10)
FN:527,(anonymous_11)
FN:541,(anonymous_12)
FN:555,(anonymous_13)
FN:569,(anonymous_14)
FN:602,(anonymous_15)
FN:636,(anonymous_16)
FN:651,(anonymous_17)
FN:668,(anonymous_18)
FN:708,(anonymous_19)
FN:722,(anonymous_20)
FN:747,(anonymous_21)
FN:761,(anonymous_22)
FN:795,(anonymous_23)
FN:810,(anonymous_24)
FN:827,(anonymous_25)
FN:865,(anonymous_26)
FN:879,(anonymous_27)
FN:887,(anonymous_28)
FN:895,(anonymous_29)
FN:919,(anonymous_30)
FN:953,(anonymous_31)
FN:972,(anonymous_32)
FN:1010,(anonymous_33)
FN:1024,(anonymous_34)
FN:1061,(anonymous_35)
FN:1098,(anonymous_36)
FN:1130,(anonymous_37)
FN:1145,(anonymous_38)
FN:1170,(anonymous_39)
FN:1210,(anonymous_40)
FN:1224,(anonymous_41)
FN:1240,(anonymous_42)
FN:1274,(anonymous_43)
FN:1293,(anonymous_44)
FN:1334,(anonymous_45)
FN:1375,(anonymous_46)
FN:1390,(anonymous_47)
FN:1438,(anonymous_48)
FN:1452,(anonymous_49)
FN:1468,(anonymous_50)
FN:1499,(anonymous_51)
FN:1513,(anonymous_52)
FN:1518,(anonymous_53)
FN:1521,(anonymous_54)
FN:1540,(anonymous_55)
FN:1566,(anonymous_56)
FN:1571,(anonymous_57)
FN:1574,(anonymous_58)
FN:1594,(anonymous_59)
FN:1621,(anonymous_60)
FN:1648,(anonymous_61)
FN:1659,(anonymous_62)
FN:1666,(anonymous_63)
FN:1684,(anonymous_64)
FN:1689,(anonymous_65)
FN:1699,(anonymous_66)
FN:1711,(anonymous_67)
FN:1743,(anonymous_68)
FNF:69
FNH:56
FNDA:43,(anonymous_0)
FNDA:43,(anonymous_1)
FNDA:43,(anonymous_2)
FNDA:0,(anonymous_3)
FNDA:0,(anonymous_4)
FNDA:0,(anonymous_5)
FNDA:43,(anonymous_6)
FNDA:43,(anonymous_7)
FNDA:0,(anonymous_8)
FNDA:43,(anonymous_9)
FNDA:160,(anonymous_10)
FNDA:7,(anonymous_11)
FNDA:101,(anonymous_12)
FNDA:1,(anonymous_13)
FNDA:6,(anonymous_14)
FNDA:2,(anonymous_15)
FNDA:2,(anonymous_16)
FNDA:1,(anonymous_17)
FNDA:43,(anonymous_18)
FNDA:7,(anonymous_19)
FNDA:3,(anonymous_20)
FNDA:101,(anonymous_21)
FNDA:2,(anonymous_22)
FNDA:1,(anonymous_23)
FNDA:1,(anonymous_24)
FNDA:28,(anonymous_25)
FNDA:2,(anonymous_26)
FNDA:1,(anonymous_27)
FNDA:0,(anonymous_28)
FNDA:2,(anonymous_29)
FNDA:1,(anonymous_30)
FNDA:1,(anonymous_31)
FNDA:19,(anonymous_32)
FNDA:3,(anonymous_33)
FNDA:51,(anonymous_34)
FNDA:1,(anonymous_35)
FNDA:1,(anonymous_36)
FNDA:1,(anonymous_37)
FNDA:1,(anonymous_38)
FNDA:6,(anonymous_39)
FNDA:2,(anonymous_40)
FNDA:1,(anonymous_41)
FNDA:1,(anonymous_42)
FNDA:1,(anonymous_43)
FNDA:52,(anonymous_44)
FNDA:2,(anonymous_45)
FNDA:2,(anonymous_46)
FNDA:22,(anonymous_47)
FNDA:2,(anonymous_48)
FNDA:2,(anonymous_49)
FNDA:3,(anonymous_50)
FNDA:0,(anonymous_51)
FNDA:1,(anonymous_52)
FNDA:0,(anonymous_53)
FNDA:0,(anonymous_54)
FNDA:1,(anonymous_55)
FNDA:1,(anonymous_56)
FNDA:0,(anonymous_57)
FNDA:0,(anonymous_58)
FNDA:1,(anonymous_59)
FNDA:4,(anonymous_60)
FNDA:0,(anonymous_61)
FNDA:0,(anonymous_62)
FNDA:1,(anonymous_63)
FNDA:43,(anonymous_64)
FNDA:0,(anonymous_65)
FNDA:43,(anonymous_66)
FNDA:43,(anonymous_67)
FNDA:1,(anonymous_68)
DA:14,6
DA:21,43
DA:53,43
DA:54,43
DA:55,43
DA:56,43
DA:57,43
DA:60,43
DA:61,43
DA:67,43
DA:77,43
DA:80,43
DA:81,0
DA:85,0
DA:98,43
DA:99,0
DA:102,43
DA:103,43
DA:104,43
DA:105,0
DA:106,0
DA:108,0
DA:111,43
DA:112,43
DA:115,43
DA:117,43
DA:118,43
DA:120,0
DA:128,43
DA:129,43
DA:132,43
DA:135,43
DA:136,43
DA:137,43
DA:138,43
DA:139,43
DA:140,43
DA:142,43
DA:149,0
DA:151,0
DA:152,0
DA:156,0
DA:157,0
DA:158,0
DA:159,0
DA:160,0
DA:162,0
DA:164,0
DA:168,0
DA:169,0
DA:170,0
DA:177,43
DA:178,43
DA:180,0
DA:189,43
DA:205,43
DA:224,43
DA:242,43
DA:263,43
DA:281,43
DA:318,0
DA:319,0
DA:322,0
DA:325,0
DA:341,0
DA:360,0
DA:378,0
DA:399,0
DA:418,0
DA:419,0
DA:420,0
DA:423,0
DA:424,0
DA:425,0
DA:426,0
DA:429,0
DA:430,0
DA:431,0
DA:432,0
DA:435,0
DA:436,0
DA:437,0
DA:438,0
DA:439,0
DA:440,0
DA:441,0
DA:444,0
DA:445,0
DA:447,0
DA:449,0
DA:450,0
DA:458,43
DA:460,43
DA:461,0
DA:462,0
DA:465,43
DA:467,43
DA:468,43
DA:470,43
DA:471,43
DA:473,43
DA:474,43
DA:475,43
DA:477,0
DA:479,43
DA:481,0
DA:482,0
DA:492,160
DA:493,160
DA:494,160
DA:498,160
DA:506,160
DA:508,0
DA:520,0
DA:523,0
DA:528,7
DA:529,7
DA:530,7
DA:531,7
DA:533,0
DA:534,0
DA:537,0
DA:542,101
DA:543,101
DA:544,101
DA:545,101
DA:547,0
DA:548,0
DA:551,0
DA:556,1
DA:557,1
DA:558,1
DA:559,1
DA:561,0
DA:562,0
DA:565,0
DA:570,6
DA:571,6
DA:572,6
DA:574,6
DA:575,0
DA:576,0
DA:577,0
DA:580,6
DA:581,1
DA:582,1
DA:585,6
DA:586,6
DA:587,6
DA:588,6
DA:590,6
DA:591,6
DA:592,6
DA:594,0
DA:595,0
DA:598,0
DA:603,2
DA:604,2
DA:605,2
DA:606,2
DA:608,2
DA:609,3
DA:610,3
DA:611,3
DA:612,3
DA:615,2
DA:616,2
DA:617,2
DA:619,2
DA:620,2
DA:621,2
DA:623,2
DA:625,0
DA:629,0
DA:632,0
DA:637,2
DA:638,2
DA:639,2
DA:640,2
DA:641,2
DA:643,0
DA:644,0
DA:647,0
DA:652,1
DA:653,1
DA:654,1
DA:655,1
DA:657,0
DA:660,0
DA:669,43
DA:670,43
DA:671,43
DA:675,43
DA:685,43
DA:687,0
DA:701,0
DA:704,0
DA:709,7
DA:710,7
DA:711,7
DA:712,7
DA:714,0
DA:715,0
DA:718,0
DA:723,3
DA:724,3
DA:725,3
DA:727,3
DA:728,0
DA:729,0
DA:730,0
DA:733,3
DA:735,3
DA:736,3
DA:737,3
DA:739,0
DA:740,0
DA:743,0
DA:748,101
DA:749,101
DA:750,101
DA:751,101
DA:753,0
DA:754,0
DA:757,0
DA:762,2
DA:763,2
DA:764,2
DA:765,2
DA:767,2
DA:768,3
DA:769,3
DA:770,3
DA:771,3
DA:774,2
DA:775,2
DA:776,2
DA:778,2
DA:779,2
DA:780,2
DA:782,2
DA:784,0
DA:788,0
DA:791,0
DA:796,1
DA:797,1
DA:798,1
DA:799,1
DA:800,1
DA:802,0
DA:803,0
DA:806,0
DA:811,1
DA:812,1
DA:813,1
DA:814,1
DA:816,0
DA:819,0
DA:828,28
DA:829,28
DA:830,28
DA:834,28
DA:843,28
DA:845,0
DA:858,0
DA:861,0
DA:866,2
DA:867,2
DA:868,2
DA:869,2
DA:871,0
DA:872,0
DA:875,0
DA:880,1
DA:881,1
DA:883,1
DA:884,1
DA:885,1
DA:887,0
DA:888,0
DA:891,0
DA:896,2
DA:897,2
DA:898,2
DA:900,2
DA:901,0
DA:902,0
DA:905,2
DA:907,2
DA:908,2
DA:909,2
DA:911,0
DA:912,0
DA:915,0
DA:920,1
DA:921,1
DA:922,1
DA:923,1
DA:925,1
DA:926,1
DA:927,1
DA:928,1
DA:929,1
DA:932,1
DA:933,1
DA:934,1
DA:936,1
DA:937,1
DA:938,1
DA:940,1
DA:942,0
DA:946,0
DA:949,0
DA:954,1
DA:955,1
DA:956,1
DA:957,1
DA:958,1
DA:960,0
DA:961,0
DA:964,0
DA:973,19
DA:974,19
DA:975,19
DA:979,19
DA:988,19
DA:990,0
DA:1003,0
DA:1006,0
DA:1011,3
DA:1012,3
DA:1013,3
DA:1014,3
DA:1016,0
DA:1017,0
DA:1020,0
DA:1025,51
DA:1026,51
DA:1027,51
DA:1029,51
DA:1030,0
DA:1031,0
DA:1034,51
DA:1035,0
DA:1036,0
DA:1039,51
DA:1040,0
DA:1041,0
DA:1044,51
DA:1045,51
DA:1046,51
DA:1047,51
DA:1049,51
DA:1050,51
DA:1051,51
DA:1053,0
DA:1054,0
DA:1057,0
DA:1062,1
DA:1063,1
DA:1064,1
DA:1066,1
DA:1067,0
DA:1068,0
DA:1071,1
DA:1072,0
DA:1073,0
DA:1076,1
DA:1077,0
DA:1078,0
DA:1081,1
DA:1082,1
DA:1083,1
DA:1084,1
DA:1086,1
DA:1087,1
DA:1088,1
DA:1090,0
DA:1091,0
DA:1094,0
DA:1099,1
DA:1100,1
DA:1101,1
DA:1102,1
DA:1104,1
DA:1105,2
DA:1106,2
DA:1107,2
DA:1108,2
DA:1111,1
DA:1113,1
DA:1114,1
DA:1115,1
DA:1117,1
DA:1119,0
DA:1123,0
DA:1126,0
DA:1131,1
DA:1132,1
DA:1133,1
DA:1134,1
DA:1135,1
DA:1137,0
DA:1138,0
DA:1141,0
DA:1146,1
DA:1147,1
DA:1148,1
DA:1151,1
DA:1153,1
DA:1155,0
DA:1159,0
DA:1162,0
DA:1171,6
DA:1172,6
DA:1173,6
DA:1177,6
DA:1187,6
DA:1189,0
DA:1203,0
DA:1206,0
DA:1211,2
DA:1212,2
DA:1213,2
DA:1214,2
DA:1216,0
DA:1217,0
DA:1220,0
DA:1225,1
DA:1226,1
DA:1227,1
DA:1228,1
DA:1230,0
DA:1233,0
DA:1236,0
DA:1241,1
DA:1242,1
DA:1243,1
DA:1244,1
DA:1246,1
DA:1247,1
DA:1248,1
DA:1249,1
DA:1250,1
DA:1253,1
DA:1254,1
DA:1255,1
DA:1257,1
DA:1258,1
DA:1259,1
DA:1261,1
DA:1263,0
DA:1267,0
DA:1270,0
DA:1275,1
DA:1276,1
DA:1277,1
DA:1278,1
DA:1279,1
DA:1281,0
DA:1282,0
DA:1285,0
DA:1294,52
DA:1295,52
DA:1305,52
DA:1307,52
DA:1308,0
DA:1309,0
DA:1312,52
DA:1313,0
DA:1314,0
DA:1317,52
DA:1318,0
DA:1319,0
DA:1322,52
DA:1323,52
DA:1324,52
DA:1326,0
DA:1327,0
DA:1330,0
DA:1335,2
DA:1336,2
DA:1345,2
DA:1346,2
DA:1348,2
DA:1349,0
DA:1350,0
DA:1353,2
DA:1354,0
DA:1355,0
DA:1358,2
DA:1359,0
DA:1360,0
DA:1363,2
DA:1364,2
DA:1365,2
DA:1367,0
DA:1368,0
DA:1371,0
DA:1376,2
DA:1377,2
DA:1378,2
DA:1379,2
DA:1380,2
DA:1382,0
DA:1383,0
DA:1386,0
DA:1391,22
DA:1392,22
DA:1399,22
DA:1401,22
DA:1402,22
DA:1405,22
DA:1406,22
DA:1409,22
DA:1410,0
DA:1411,0
DA:1414,22
DA:1415,22
DA:1416,22
DA:1417,22
DA:1419,22
DA:1420,22
DA:1421,22
DA:1423,0
DA:1424,0
DA:1427,0
DA:1439,2
DA:1440,0
DA:1443,2
DA:1444,2
DA:1446,2
DA:1453,2
DA:1454,2
DA:1455,1
DA:1456,1
DA:1459,1
DA:1460,1
DA:1461,1
DA:1462,1
DA:1469,3
DA:1472,3
DA:1473,3
DA:1474,3
DA:1475,3
DA:1477,0
DA:1478,0
DA:1481,0
DA:1483,3
DA:1484,3
DA:1485,3
DA:1487,3
DA:1488,0
DA:1489,0
DA:1493,3
DA:1500,0
DA:1501,0
DA:1502,0
DA:1503,0
DA:1504,0
DA:1507,0
DA:1514,1
DA:1516,1
DA:1517,1
DA:1518,0
DA:1519,0
DA:1521,0
DA:1530,0
DA:1535,0
DA:1537,1
DA:1540,1
DA:1541,1
DA:1542,1
DA:1543,100
DA:1552,100
DA:1554,1
DA:1556,1
DA:1559,0
DA:1567,1
DA:1569,1
DA:1570,1
DA:1571,0
DA:1572,0
DA:1574,0
DA:1584,0
DA:1589,0
DA:1591,1
DA:1594,1
DA:1595,1
DA:1596,1
DA:1597,200
DA:1607,200
DA:1609,1
DA:1611,1
DA:1614,0
DA:1622,4
DA:1649,0
DA:1650,0
DA:1651,0
DA:1652,0
DA:1653,0
DA:1660,0
DA:1667,1
DA:1668,1
DA:1669,0
DA:1670,0
DA:1672,1
DA:1673,1
DA:1674,1
DA:1677,0
DA:1685,43
DA:1688,43
DA:1689,43
DA:1690,0
DA:1693,43
DA:1700,43
DA:1701,43
DA:1702,43
DA:1703,43
DA:1712,43
DA:1714,43
DA:1717,43
DA:1718,43
DA:1720,43
DA:1721,43
DA:1722,43
DA:1723,0
DA:1725,0
DA:1726,0
DA:1728,0
DA:1730,0
DA:1731,0
DA:1733,43
DA:1735,0
DA:1744,1
DA:1745,1
DA:1746,1
DA:1747,1
DA:1748,1
DA:1750,0
DA:1751,0
DA:1754,0
LF:642
LH:398
BRDA:20,0,0,0
BRDA:22,1,0,43
BRDA:22,1,1,0
BRDA:24,2,0,43
BRDA:24,2,1,0
BRDA:25,3,0,43
BRDA:25,3,1,43
BRDA:26,4,0,43
BRDA:26,4,1,43
BRDA:33,5,0,43
BRDA:33,5,1,43
BRDA:34,6,0,43
BRDA:34,6,1,43
BRDA:35,7,0,43
BRDA:35,7,1,43
BRDA:36,8,0,43
BRDA:36,8,1,43
BRDA:37,9,0,43
BRDA:37,9,1,43
BRDA:39,10,0,43
BRDA:39,10,1,43
BRDA:40,11,0,43
BRDA:40,11,1,43
BRDA:41,12,0,43
BRDA:41,12,1,43
BRDA:42,13,0,43
BRDA:42,13,1,43
BRDA:43,14,0,43
BRDA:43,14,1,43
BRDA:44,15,0,43
BRDA:44,15,1,43
BRDA:46,16,0,43
BRDA:46,16,1,43
BRDA:50,17,0,43
BRDA:50,17,1,43
BRDA:62,18,0,43
BRDA:62,18,1,42
BRDA:63,19,0,43
BRDA:63,19,1,42
BRDA:73,20,0,43
BRDA:73,20,1,42
BRDA:80,21,0,0
BRDA:80,21,1,43
BRDA:81,22,0,0
BRDA:81,22,1,0
BRDA:81,23,0,0
BRDA:81,23,1,0
BRDA:81,23,2,0
BRDA:81,23,3,0
BRDA:98,24,0,0
BRDA:98,24,1,43
BRDA:99,25,0,0
BRDA:99,25,1,0
BRDA:103,26,0,43
BRDA:103,26,1,0
BRDA:105,27,0,0
BRDA:105,27,1,0
BRDA:118,28,0,43
BRDA:118,28,1,0
BRDA:156,29,0,0
BRDA:156,29,1,0
BRDA:156,30,0,0
BRDA:156,30,1,0
BRDA:177,31,0,43
BRDA:177,31,1,0
BRDA:460,32,0,0
BRDA:460,32,1,43
BRDA:468,33,0,0
BRDA:468,33,1,43
BRDA:474,34,0,43
BRDA:474,34,1,0
BRDA:493,35,0,160
BRDA:493,35,1,0
BRDA:502,36,0,160
BRDA:502,36,1,59
BRDA:503,37,0,160
BRDA:503,37,1,156
BRDA:504,38,0,160
BRDA:504,38,1,0
BRDA:515,39,0,0
BRDA:515,39,1,0
BRDA:516,40,0,0
BRDA:516,40,1,0
BRDA:529,41,0,7
BRDA:529,41,1,0
BRDA:543,42,0,101
BRDA:543,42,1,0
BRDA:557,43,0,1
BRDA:557,43,1,0
BRDA:569,44,0,1
BRDA:574,45,0,0
BRDA:574,45,1,6
BRDA:575,46,0,0
BRDA:575,46,1,0
BRDA:575,47,0,0
BRDA:575,47,1,0
BRDA:576,48,0,0
BRDA:576,48,1,0
BRDA:580,49,0,1
BRDA:580,49,1,5
BRDA:581,50,0,1
BRDA:581,50,1,0
BRDA:586,51,0,6
BRDA:586,51,1,2
BRDA:587,52,0,6
BRDA:587,52,1,5
BRDA:590,53,0,6
BRDA:590,53,1,0
BRDA:609,54,0,0
BRDA:609,54,1,3
BRDA:610,55,0,3
BRDA:610,55,1,0
BRDA:615,56,0,2
BRDA:615,56,1,0
BRDA:619,57,0,2
BRDA:619,57,1,0
BRDA:638,58,0,2
BRDA:638,58,1,0
BRDA:653,59,0,1
BRDA:653,59,1,0
BRDA:670,60,0,43
BRDA:670,60,1,0
BRDA:679,61,0,43
BRDA:679,61,1,0
BRDA:680,62,0,43
BRDA:680,62,1,42
BRDA:681,63,0,43
BRDA:681,63,1,42
BRDA:682,64,0,43
BRDA:682,64,1,42
BRDA:683,65,0,43
BRDA:683,65,1,0
BRDA:694,66,0,0
BRDA:694,66,1,0
BRDA:695,67,0,0
BRDA:695,67,1,0
BRDA:696,68,0,0
BRDA:696,68,1,0
BRDA:697,69,0,0
BRDA:697,69,1,0
BRDA:710,70,0,7
BRDA:710,70,1,0
BRDA:722,71,0,3
BRDA:727,72,0,0
BRDA:727,72,1,3
BRDA:728,73,0,0
BRDA:728,73,1,0
BRDA:728,74,0,0
BRDA:728,74,1,0
BRDA:729,75,0,0
BRDA:729,75,1,0
BRDA:735,76,0,3
BRDA:735,76,1,0
BRDA:749,77,0,101
BRDA:749,77,1,0
BRDA:768,78,0,0
BRDA:768,78,1,3
BRDA:769,79,0,3
BRDA:769,79,1,0
BRDA:774,80,0,2
BRDA:774,80,1,0
BRDA:778,81,0,2
BRDA:778,81,1,0
BRDA:797,82,0,1
BRDA:797,82,1,0
BRDA:812,83,0,1
BRDA:812,83,1,0
BRDA:829,84,0,28
BRDA:829,84,1,0
BRDA:836,85,0,28
BRDA:836,85,1,28
BRDA:839,86,0,28
BRDA:839,86,1,11
BRDA:840,87,0,28
BRDA:840,87,1,0
BRDA:841,88,0,28
BRDA:841,88,1,20
BRDA:850,89,0,0
BRDA:850,89,1,0
BRDA:853,90,0,0
BRDA:853,90,1,0
BRDA:855,91,0,0
BRDA:855,91,1,0
BRDA:867,92,0,2
BRDA:867,92,1,0
BRDA:883,93,0,1
BRDA:883,93,1,0
BRDA:895,94,0,2
BRDA:898,95,0,2
BRDA:898,95,1,0
BRDA:900,96,0,0
BRDA:900,96,1,2
BRDA:901,97,0,0
BRDA:901,97,1,0
BRDA:907,98,0,2
BRDA:907,98,1,0
BRDA:926,99,0,0
BRDA:926,99,1,1
BRDA:927,100,0,1
BRDA:927,100,1,0
BRDA:932,101,0,1
BRDA:932,101,1,0
BRDA:936,102,0,1
BRDA:936,102,1,0
BRDA:955,103,0,1
BRDA:955,103,1,0
BRDA:974,104,0,19
BRDA:974,104,1,0
BRDA:981,105,0,19
BRDA:981,105,1,0
BRDA:982,106,0,19
BRDA:982,106,1,6
BRDA:983,107,0,19
BRDA:983,107,1,17
BRDA:984,108,0,19
BRDA:984,108,1,12
BRDA:985,109,0,19
BRDA:985,109,1,18
BRDA:986,110,0,19
BRDA:986,110,1,19
BRDA:995,111,0,0
BRDA:995,111,1,0
BRDA:996,112,0,0
BRDA:996,112,1,0
BRDA:997,113,0,0
BRDA:997,113,1,0
BRDA:998,114,0,0
BRDA:998,114,1,0
BRDA:999,115,0,0
BRDA:999,115,1,0
BRDA:1000,116,0,0
BRDA:1000,116,1,0
BRDA:1012,117,0,3
BRDA:1012,117,1,0
BRDA:1024,118,0,1
BRDA:1029,119,0,0
BRDA:1029,119,1,51
BRDA:1030,120,0,0
BRDA:1030,120,1,0
BRDA:1034,121,0,0
BRDA:1034,121,1,51
BRDA:1035,122,0,0
BRDA:1035,122,1,0
BRDA:1039,123,0,0
BRDA:1039,123,1,51
BRDA:1040,124,0,0
BRDA:1040,124,1,0
BRDA:1045,125,0,51
BRDA:1045,125,1,1
BRDA:1046,126,0,51
BRDA:1046,126,1,51
BRDA:1049,127,0,51
BRDA:1049,127,1,0
BRDA:1061,128,0,1
BRDA:1066,129,0,0
BRDA:1066,129,1,1
BRDA:1067,130,0,0
BRDA:1067,130,1,0
BRDA:1071,131,0,0
BRDA:1071,131,1,1
BRDA:1072,132,0,0
BRDA:1072,132,1,0
BRDA:1076,133,0,0
BRDA:1076,133,1,1
BRDA:1077,134,0,0
BRDA:1077,134,1,0
BRDA:1082,135,0,1
BRDA:1082,135,1,1
BRDA:1083,136,0,1
BRDA:1083,136,1,1
BRDA:1086,137,0,1
BRDA:1086,137,1,0
BRDA:1105,138,0,0
BRDA:1105,138,1,2
BRDA:1106,139,0,2
BRDA:1106,139,1,0
BRDA:1113,140,0,1
BRDA:1113,140,1,0
BRDA:1132,141,0,1
BRDA:1132,141,1,0
BRDA:1145,142,0,0
BRDA:1147,143,0,1
BRDA:1147,143,1,0
BRDA:1172,144,0,6
BRDA:1172,144,1,0
BRDA:1180,145,0,6
BRDA:1180,145,1,5
BRDA:1181,146,0,6
BRDA:1181,146,1,4
BRDA:1182,147,0,6
BRDA:1182,147,1,5
BRDA:1183,148,0,6
BRDA:1183,148,1,5
BRDA:1184,149,0,6
BRDA:1184,149,1,5
BRDA:1185,150,0,0
BRDA:1185,150,1,6
BRDA:1195,151,0,0
BRDA:1195,151,1,0
BRDA:1196,152,0,0
BRDA:1196,152,1,0
BRDA:1197,153,0,0
BRDA:1197,153,1,0
BRDA:1198,154,0,0
BRDA:1198,154,1,0
BRDA:1199,155,0,0
BRDA:1199,155,1,0
BRDA:1200,156,0,0
BRDA:1200,156,1,0
BRDA:1212,157,0,2
BRDA:1212,157,1,0
BRDA:1226,158,0,1
BRDA:1226,158,1,0
BRDA:1247,159,0,0
BRDA:1247,159,1,1
BRDA:1248,160,0,1
BRDA:1248,160,1,0
BRDA:1253,161,0,1
BRDA:1253,161,1,0
BRDA:1257,162,0,1
BRDA:1257,162,1,0
BRDA:1276,163,0,1
BRDA:1276,163,1,0
BRDA:1293,164,0,52
BRDA:1307,165,0,0
BRDA:1307,165,1,52
BRDA:1308,166,0,0
BRDA:1308,166,1,0
BRDA:1312,167,0,0
BRDA:1312,167,1,52
BRDA:1313,168,0,0
BRDA:1313,168,1,0
BRDA:1317,169,0,0
BRDA:1317,169,1,52
BRDA:1318,170,0,0
BRDA:1318,170,1,0
BRDA:1322,171,0,52
BRDA:1322,171,1,0
BRDA:1334,172,0,2
BRDA:1345,173,0,2
BRDA:1345,173,1,0
BRDA:1348,174,0,0
BRDA:1348,174,1,2
BRDA:1349,175,0,0
BRDA:1349,175,1,0
BRDA:1353,176,0,0
BRDA:1353,176,1,2
BRDA:1354,177,0,0
BRDA:1354,177,1,0
BRDA:1358,178,0,0
BRDA:1358,178,1,2
BRDA:1359,179,0,0
BRDA:1359,179,1,0
BRDA:1363,180,0,2
BRDA:1363,180,1,0
BRDA:1377,181,0,2
BRDA:1377,181,1,0
BRDA:1390,182,0,2
BRDA:1401,183,0,22
BRDA:1401,183,1,0
BRDA:1402,184,0,22
BRDA:1402,184,1,0
BRDA:1409,185,0,0
BRDA:1409,185,1,22
BRDA:1410,186,0,0
BRDA:1410,186,1,0
BRDA:1415,187,0,22
BRDA:1415,187,1,2
BRDA:1416,188,0,22
BRDA:1416,188,1,22
BRDA:1419,189,0,22
BRDA:1419,189,1,0
BRDA:1439,190,0,0
BRDA:1439,190,1,2
BRDA:1443,191,0,2
BRDA:1443,191,1,0
BRDA:1452,192,0,2
BRDA:1454,193,0,1
BRDA:1454,193,1,1
BRDA:1461,194,0,1
BRDA:1461,194,1,1
BRDA:1468,195,0,3
BRDA:1473,196,0,3
BRDA:1473,196,1,0
BRDA:1475,197,0,0
BRDA:1475,197,1,3
BRDA:1487,198,0,0
BRDA:1487,198,1,3
BRDA:1499,199,0,0
BRDA:1500,200,0,0
BRDA:1500,200,1,0
BRDA:1500,201,0,0
BRDA:1500,201,1,0
BRDA:1514,202,0,0
BRDA:1514,202,1,1
BRDA:1517,203,0,0
BRDA:1517,203,1,1
BRDA:1523,204,0,0
BRDA:1523,204,1,0
BRDA:1524,205,0,0
BRDA:1524,205,1,0
BRDA:1525,206,0,0
BRDA:1525,206,1,0
BRDA:1526,207,0,0
BRDA:1526,207,1,0
BRDA:1527,208,0,0
BRDA:1527,208,1,0
BRDA:1528,209,0,0
BRDA:1528,209,1,0
BRDA:1545,210,0,100
BRDA:1545,210,1,0
BRDA:1546,211,0,100
BRDA:1546,211,1,0
BRDA:1547,212,0,100
BRDA:1547,212,1,0
BRDA:1548,213,0,100
BRDA:1548,213,1,0
BRDA:1549,214,0,100
BRDA:1549,214,1,0
BRDA:1550,215,0,100
BRDA:1550,215,1,0
BRDA:1567,216,0,0
BRDA:1567,216,1,1
BRDA:1570,217,0,0
BRDA:1570,217,1,1
BRDA:1578,218,0,0
BRDA:1578,218,1,0
BRDA:1579,219,0,0
BRDA:1579,219,1,0
BRDA:1580,220,0,0
BRDA:1580,220,1,0
BRDA:1581,221,0,0
BRDA:1581,221,1,0
BRDA:1601,222,0,200
BRDA:1601,222,1,0
BRDA:1602,223,0,200
BRDA:1602,223,1,0
BRDA:1603,224,0,200
BRDA:1603,224,1,0
BRDA:1604,225,0,200
BRDA:1604,225,1,200
BRDA:1605,226,0,200
BRDA:1605,226,1,0
BRDA:1624,227,0,2
BRDA:1624,227,1,2
BRDA:1632,228,0,3
BRDA:1632,228,1,1
BRDA:1636,229,0,0
BRDA:1636,229,1,4
BRDA:1637,230,0,0
BRDA:1637,230,1,0
BRDA:1638,231,0,0
BRDA:1638,231,1,0
BRDA:1639,232,0,0
BRDA:1639,232,1,0
BRDA:1668,233,0,0
BRDA:1668,233,1,1
BRDA:1685,234,0,0
BRDA:1685,234,1,43
BRDA:1700,235,0,43
BRDA:1700,235,1,0
BRDA:1720,236,0,43
BRDA:1720,236,1,0
BRDA:1720,237,0,43
BRDA:1720,237,1,43
BRDA:1723,238,0,0
BRDA:1723,238,1,0
BRDA:1723,239,0,0
BRDA:1723,239,1,0
BRDA:1745,240,0,1
BRDA:1745,240,1,0
BRF:471
BRH:225
end_of_record
TN:
SF:src/database/examples.js
FN:11,exampleSQLiteInit
FN:26,examplePostgreSQLInit
FN:46,exampleUserManagement
FN:92,exampleDeviceManagement
FN:141,exampleRouteManagement
FN:185,exampleCallLogging
FN:245,exampleRecordingManagement
FN:284,exampleStatistics
FN:303,exampleHealthCheck
FN:312,exampleCompleteWorkflow
FNF:10
FNH:0
FNDA:0,exampleSQLiteInit
FNDA:0,examplePostgreSQLInit
FNDA:0,exampleUserManagement
FNDA:0,exampleDeviceManagement
FNDA:0,exampleRouteManagement
FNDA:0,exampleCallLogging
FNDA:0,exampleRecordingManagement
FNDA:0,exampleStatistics
FNDA:0,exampleHealthCheck
FNDA:0,exampleCompleteWorkflow
DA:12,0
DA:19,0
DA:20,0
DA:27,0
DA:39,0
DA:40,0
DA:48,0
DA:55,0
DA:58,0
DA:59,0
DA:62,0
DA:63,0
DA:66,0
DA:72,0
DA:75,0
DA:79,0
DA:82,0
DA:85,0
DA:86,0
DA:94,0
DA:97,0
DA:107,0
DA:110,0
DA:111,0
DA:114,0
DA:115,0
DA:118,0
DA:119,0
DA:122,0
DA:126,0
DA:129,0
DA:132,0
DA:133,0
DA:135,0
DA:143,0
DA:152,0
DA:155,0
DA:156,0
DA:159,0
DA:160,0
DA:163,0
DA:166,0
DA:169,0
DA:173,0
DA:176,0
DA:177,0
DA:179,0
DA:187,0
DA:196,0
DA:199,0
DA:200,0
DA:203,0
DA:207,0
DA:210,0
DA:214,0
DA:217,0
DA:221,0
DA:224,0
DA:230,0
DA:233,0
DA:237,0
DA:239,0
DA:247,0
DA:257,0
DA:260,0
DA:261,0
DA:264,0
DA:265,0
DA:268,0
DA:272,0
DA:275,0
DA:276,0
DA:278,0
DA:286,0
DA:289,0
DA:292,0
DA:295,0
DA:297,0
DA:304,0
DA:305,0
DA:306,0
DA:314,0
DA:319,0
DA:320,0
DA:321,0
DA:324,0
DA:331,0
DA:334,0
DA:343,0
DA:353,0
DA:361,0
DA:369,0
DA:372,0
DA:380,0
DA:381,0
DA:384,0
DA:385,0
DA:387,0
DA:389,0
DA:390,0
DA:395,0
DA:396,0
DA:397,0
LF:103
LH:0
BRDA:395,0,0,0
BRDA:395,0,1,0
BRF:2
BRH:0
end_of_record
TN:
SF:src/database/integration-example.js
FN:12,initializeDatabase
FN:52,databaseMiddleware
FN:60,createUserRoutes
FN:64,(anonymous_3)
FN:90,(anonymous_4)
FN:108,(anonymous_5)
FN:116,(anonymous_6)
FN:126,(anonymous_7)
FN:152,(anonymous_8)
FN:172,createDeviceRoutes
FN:176,(anonymous_10)
FN:211,(anonymous_11)
FN:224,(anonymous_12)
FN:240,(anonymous_13)
FN:263,(anonymous_14)
FN:283,createCallLogRoutes
FN:287,(anonymous_16)
FN:303,(anonymous_17)
FN:319,(anonymous_18)
FN:340,createHealthRoute
FN:343,(anonymous_20)
FN:361,setupServer
FN:375,(anonymous_22)
FN:381,(anonymous_23)
FNF:24
FNH:0
FNDA:0,initializeDatabase
FNDA:0,databaseMiddleware
FNDA:0,createUserRoutes
FNDA:0,(anonymous_3)
FNDA:0,(anonymous_4)
FNDA:0,(anonymous_5)
FNDA:0,(anonymous_6)
FNDA:0,(anonymous_7)
FNDA:0,(anonymous_8)
FNDA:0,createDeviceRoutes
FNDA:0,(anonymous_10)
FNDA:0,(anonymous_11)
FNDA:0,(anonymous_12)
FNDA:0,(anonymous_13)
FNDA:0,(anonymous_14)
FNDA:0,createCallLogRoutes
FNDA:0,(anonymous_16)
FNDA:0,(anonymous_17)
FNDA:0,(anonymous_18)
FNDA:0,createHealthRoute
FNDA:0,(anonymous_20)
FNDA:0,setupServer
FNDA:0,(anonymous_22)
FNDA:0,(anonymous_23)
DA:14,0
DA:31,0
DA:32,0
DA:33,0
DA:36,0
DA:37,0
DA:40,0
DA:42,0
DA:44,0
DA:45,0
DA:53,0
DA:54,0
DA:61,0
DA:64,0
DA:65,0
DA:66,0
DA:69,0
DA:70,0
DA:73,0
DA:82,0
DA:84,0
DA:85,0
DA:90,0
DA:91,0
DA:92,0
DA:94,0
DA:95,0
DA:99,0
DA:100,0
DA:102,0
DA:103,0
DA:108,0
DA:109,0
DA:110,0
DA:111,0
DA:113,0
DA:116,0
DA:118,0
DA:120,0
DA:121,0
DA:126,0
DA:127,0
DA:128,0
DA:129,0
DA:132,0
DA:133,0
DA:134,0
DA:136,0
DA:138,0
DA:139,0
DA:142,0
DA:143,0
DA:144,0
DA:146,0
DA:147,0
DA:152,0
DA:153,0
DA:154,0
DA:155,0
DA:157,0
DA:158,0
DA:161,0
DA:163,0
DA:164,0
DA:173,0
DA:176,0
DA:177,0
DA:186,0
DA:188,0
DA:189,0
DA:192,0
DA:203,0
DA:205,0
DA:206,0
DA:211,0
DA:212,0
DA:213,0
DA:214,0
DA:216,0
DA:218,0
DA:219,0
DA:224,0
DA:225,0
DA:226,0
DA:228,0
DA:229,0
DA:232,0
DA:234,0
DA:235,0
DA:240,0
DA:241,0
DA:242,0
DA:243,0
DA:245,0
DA:246,0
DA:248,0
DA:250,0
DA:251,0
DA:254,0
DA:255,0
DA:257,0
DA:258,0
DA:263,0
DA:264,0
DA:265,0
DA:266,0
DA:268,0
DA:269,0
DA:272,0
DA:274,0
DA:275,0
DA:284,0
DA:287,0
DA:288,0
DA:289,0
DA:290,0
DA:291,0
DA:293,0
DA:295,0
DA:297,0
DA:298,0
DA:303,0
DA:304,0
DA:305,0
DA:311,0
DA:313,0
DA:314,0
DA:319,0
DA:320,0
DA:321,0
DA:323,0
DA:329,0
DA:331,0
DA:332,0
DA:341,0
DA:343,0
DA:344,0
DA:345,0
DA:346,0
DA:348,0
DA:349,0
DA:363,0
DA:366,0
DA:369,0
DA:370,0
DA:371,0
DA:372,0
DA:375,0
DA:376,0
DA:377,0
DA:378,0
DA:381,0
DA:382,0
DA:383,0
DA:384,0
DA:387,0
LF:156
LH:0
BRDA:15,0,0,0
BRDA:15,0,1,0
BRDA:17,1,0,0
BRDA:17,1,1,0
BRDA:18,2,0,0
BRDA:18,2,1,0
BRDA:21,3,0,0
BRDA:21,3,1,0
BRDA:22,4,0,0
BRDA:22,4,1,0
BRDA:23,5,0,0
BRDA:23,5,1,0
BRDA:24,6,0,0
BRDA:24,6,1,0
BRDA:25,7,0,0
BRDA:25,7,1,0
BRDA:26,8,0,0
BRDA:26,8,1,0
BRDA:27,9,0,0
BRDA:27,9,1,0
BRDA:69,10,0,0
BRDA:69,10,1,0
BRDA:69,11,0,0
BRDA:69,11,1,0
BRDA:69,11,2,0
BRDA:78,12,0,0
BRDA:78,12,1,0
BRDA:94,13,0,0
BRDA:94,13,1,0
BRDA:110,14,0,0
BRDA:110,14,1,0
BRDA:111,15,0,0
BRDA:111,15,1,0
BRDA:138,16,0,0
BRDA:138,16,1,0
BRDA:157,17,0,0
BRDA:157,17,1,0
BRDA:188,18,0,0
BRDA:188,18,1,0
BRDA:188,19,0,0
BRDA:188,19,1,0
BRDA:188,19,2,0
BRDA:228,20,0,0
BRDA:228,20,1,0
BRDA:250,21,0,0
BRDA:250,21,1,0
BRDA:268,22,0,0
BRDA:268,22,1,0
BRDA:290,23,0,0
BRDA:290,23,1,0
BRDA:291,24,0,0
BRDA:291,24,1,0
BRDA:306,25,0,0
BRDA:306,25,1,0
BRDA:323,26,0,0
BRDA:323,26,1,0
BRDA:325,27,0,0
BRDA:325,27,1,0
BRDA:326,28,0,0
BRDA:326,28,1,0
BRF:60
BRH:0
end_of_record
TN:
SF:src/database/migrations/001_init_schema.js
FN:6,migration
FNF:1
FNH:1
FNDA:43,migration
DA:9,43
LF:1
LH:1
BRF:0
BRH:0
end_of_record
TN:
SF:src/health/health-check.js
FN:10,(anonymous_0)
FN:28,(anonymous_1)
FN:35,(anonymous_2)
FN:42,(anonymous_3)
FN:50,(anonymous_4)
FN:68,(anonymous_5)
FN:109,(anonymous_6)
FN:148,(anonymous_7)
FN:161,(anonymous_8)
FN:201,(anonymous_9)
FN:234,(anonymous_10)
FN:271,(anonymous_11)
FN:302,(anonymous_12)
FN:314,(anonymous_13)
FN:336,(anonymous_14)
FN:357,(anonymous_15)
FN:358,(anonymous_16)
FNF:17
FNH:0
FNDA:0,(anonymous_0)
FNDA:0,(anonymous_1)
FNDA:0,(anonymous_2)
FNDA:0,(anonymous_3)
FNDA:0,(anonymous_4)
FNDA:0,(anonymous_5)
FNDA:0,(anonymous_6)
FNDA:0,(anonymous_7)
FNDA:0,(anonymous_8)
FNDA:0,(anonymous_9)
FNDA:0,(anonymous_10)
FNDA:0,(anonymous_11)
FNDA:0,(anonymous_12)
FNDA:0,(anonymous_13)
FNDA:0,(anonymous_14)
FNDA:0,(anonymous_15)
FNDA:0,(anonymous_16)
DA:6,0
DA:7,0
DA:11,0
DA:12,0
DA:13,0
DA:14,0
DA:15,0
DA:16,0
DA:19,0
DA:20,0
DA:21,0
DA:22,0
DA:29,0
DA:36,0
DA:43,0
DA:51,0
DA:52,0
DA:54,0
DA:69,0
DA:70,0
DA:73,0
DA:74,0
DA:75,0
DA:76,0
DA:80,0
DA:82,0
DA:87,0
DA:92,0
DA:93,0
DA:96,0
DA:110,0
DA:112,0
DA:113,0
DA:119,0
DA:121,0
DA:122,0
DA:130,0
DA:135,0
DA:149,0
DA:162,0
DA:163,0
DA:166,0
DA:167,0
DA:168,0
DA:169,0
DA:170,0
DA:171,0
DA:174,0
DA:178,0
DA:183,0
DA:184,0
DA:186,0
DA:202,0
DA:203,0
DA:209,0
DA:210,0
DA:211,0
DA:212,0
DA:214,0
DA:224,0
DA:235,0
DA:236,0
DA:242,0
DA:243,0
DA:244,0
DA:245,0
DA:246,0
DA:247,0
DA:249,0
DA:250,0
DA:255,0
DA:261,0
DA:272,0
DA:273,0
DA:274,0
DA:275,0
DA:276,0
DA:278,0
DA:280,0
DA:281,0
DA:282,0
DA:283,0
DA:284,0
DA:287,0
DA:305,0
DA:315,0
DA:316,0
DA:318,0
DA:337,0
DA:338,0
DA:340,0
DA:358,0
DA:359,0
DA:360,0
DA:362,0
DA:364,0
DA:365,0
DA:368,0
DA:369,0
DA:370,0
DA:373,0
DA:374,0
DA:375,0
DA:378,0
DA:379,0
DA:380,0
DA:383,0
DA:384,0
DA:386,0
DA:389,0
DA:392,0
DA:393,0
DA:403,0
LF:113
LH:0
BRDA:58,0,0,0
BRDA:58,0,1,0
BRDA:59,1,0,0
BRDA:59,1,1,0
BRDA:77,2,0,0
BRDA:77,2,1,0
BRDA:80,3,0,0
BRDA:80,3,1,0
BRDA:92,4,0,0
BRDA:92,4,1,0
BRDA:121,5,0,0
BRDA:121,5,1,0
BRDA:170,6,0,0
BRDA:170,6,1,0
BRDA:190,7,0,0
BRDA:190,7,1,0
BRDA:191,8,0,0
BRDA:191,8,1,0
BRDA:202,9,0,0
BRDA:202,9,1,0
BRDA:217,10,0,0
BRDA:217,10,1,0
BRDA:235,11,0,0
BRDA:235,11,1,0
BRDA:249,12,0,0
BRDA:249,12,1,0
BRDA:281,13,0,0
BRDA:281,13,1,0
BRDA:281,14,0,0
BRDA:281,14,1,0
BRDA:283,15,0,0
BRDA:283,15,1,0
BRDA:283,16,0,0
BRDA:283,16,1,0
BRDA:362,17,0,0
BRDA:362,17,1,0
BRDA:362,17,2,0
BRDA:362,17,3,0
BRDA:362,17,4,0
BRDA:362,17,5,0
BRDA:369,18,0,0
BRDA:369,18,1,0
BRDA:374,19,0,0
BRDA:374,19,1,0
BRDA:379,20,0,0
BRDA:379,20,1,0
BRDA:384,21,0,0
BRDA:384,21,1,0
BRDA:385,22,0,0
BRDA:385,22,1,0
BRF:50
BRH:0
end_of_record
TN:
SF:src/migrations/20250101000001_initial_schema.js
FN:9,up
FN:132,down
FNF:2
FNH:0
FNDA:0,up
FNDA:0,down
DA:10,0
DA:13,0
DA:29,0
DA:48,0
DA:63,0
DA:81,0
DA:97,0
DA:112,0
DA:126,0
DA:133,0
DA:136,0
DA:137,0
DA:138,0
DA:139,0
DA:140,0
DA:141,0
DA:143,0
DA:146,0
LF:18
LH:0
BRF:0
BRH:0
end_of_record
TN:
SF:src/migrations/20250101000002_add_performance_indexes.js
FN:9,up
FN:60,down
FNF:2
FNH:0
FNDA:0,up
FNDA:0,down
DA:10,0
DA:13,0
DA:18,0
DA:24,0
DA:31,0
DA:37,0
DA:46,0
DA:54,0
DA:61,0
DA:63,0
DA:64,0
DA:65,0
DA:66,0
DA:67,0
DA:68,0
DA:70,0
DA:73,0
LF:17
LH:0
BRF:0
BRH:0
end_of_record
TN:
SF:src/migrations/migrate.js
FN:15,(anonymous_0)
FN:25,(anonymous_1)
FN:53,(anonymous_2)
FN:57,(anonymous_3)
FN:68,(anonymous_4)
FN:83,(anonymous_5)
FN:86,(anonymous_6)
FN:88,(anonymous_7)
FN:97,(anonymous_8)
FN:124,(anonymous_9)
FN:133,(anonymous_10)
FN:196,(anonymous_11)
FN:216,(anonymous_12)
FN:236,(anonymous_13)
FN:260,(anonymous_14)
FN:264,(anonymous_15)
FN:284,(anonymous_16)
FN:293,(anonymous_17)
FN:320,(anonymous_18)
FN:368,main
FNF:20
FNH:0
FNDA:0,(anonymous_0)
FNDA:0,(anonymous_1)
FNDA:0,(anonymous_2)
FNDA:0,(anonymous_3)
FNDA:0,(anonymous_4)
FNDA:0,(anonymous_5)
FNDA:0,(anonymous_6)
FNDA:0,(anonymous_7)
FNDA:0,(anonymous_8)
FNDA:0,(anonymous_9)
FNDA:0,(anonymous_10)
FNDA:0,(anonymous_11)
FNDA:0,(anonymous_12)
FNDA:0,(anonymous_13)
FNDA:0,(anonymous_14)
FNDA:0,(anonymous_15)
FNDA:0,(anonymous_16)
FNDA:0,(anonymous_17)
FNDA:0,(anonymous_18)
FNDA:0,main
DA:7,0
DA:8,0
DA:9,0
DA:10,0
DA:12,0
DA:16,0
DA:17,0
DA:18,0
DA:19,0
DA:26,0
DA:29,0
DA:41,0
DA:42,0
DA:44,0
DA:47,0
DA:54,0
DA:55,0
DA:56,0
DA:57,0
DA:60,0
DA:61,0
DA:69,0
DA:70,0
DA:73,0
DA:75,0
DA:76,0
DA:84,0
DA:85,0
DA:86,0
DA:88,0
DA:89,0
DA:90,0
DA:98,0
DA:99,0
DA:101,0
DA:103,0
DA:110,0
DA:111,0
DA:112,0
DA:113,0
DA:114,0
DA:116,0
DA:117,0
DA:125,0
DA:126,0
DA:127,0
DA:134,0
DA:135,0
DA:136,0
DA:138,0
DA:140,0
DA:142,0
DA:144,0
DA:145,0
DA:148,0
DA:151,0
DA:153,0
DA:155,0
DA:158,0
DA:159,0
DA:160,0
DA:162,0
DA:168,0
DA:175,0
DA:177,0
DA:178,0
DA:180,0
DA:183,0
DA:184,0
DA:187,0
DA:188,0
DA:189,0
DA:197,0
DA:198,0
DA:199,0
DA:201,0
DA:204,0
DA:205,0
DA:208,0
DA:210,0
DA:211,0
DA:212,0
DA:215,0
DA:216,0
DA:219,0
DA:220,0
DA:223,0
DA:224,0
DA:228,0
DA:229,0
DA:230,0
DA:237,0
DA:238,0
DA:239,0
DA:241,0
DA:244,0
DA:245,0
DA:248,0
DA:250,0
DA:251,0
DA:252,0
DA:256,0
DA:257,0
DA:259,0
DA:260,0
DA:263,0
DA:264,0
DA:267,0
DA:268,0
DA:269,0
DA:270,0
DA:272,0
DA:276,0
DA:277,0
DA:278,0
DA:285,0
DA:286,0
DA:287,0
DA:289,0
DA:291,0
DA:292,0
DA:293,0
DA:295,0
DA:296,0
DA:297,0
DA:299,0
DA:300,0
DA:301,0
DA:302,0
DA:304,0
DA:305,0
DA:306,0
DA:308,0
DA:312,0
DA:313,0
DA:314,0
DA:321,0
DA:327,0
DA:328,0
DA:330,0
DA:358,0
DA:359,0
DA:360,0
DA:365,0
DA:366,0
DA:369,0
DA:370,0
DA:373,0
DA:381,0
DA:383,0
DA:385,0
DA:386,0
DA:388,0
DA:389,0
DA:392,0
DA:393,0
DA:394,0
DA:397,0
DA:398,0
DA:401,0
DA:402,0
DA:403,0
DA:404,0
DA:405,0
DA:407,0
DA:408,0
DA:411,0
DA:412,0
DA:413,0
DA:414,0
DA:415,0
DA:416,0
DA:417,0
DA:418,0
DA:419,0
DA:420,0
DA:421,0
DA:424,0
DA:425,0
DA:427,0
DA:428,0
DA:429,0
DA:433,0
DA:436,0
LF:184
LH:0
BRDA:15,0,0,0
BRDA:17,1,0,0
BRDA:17,1,1,0
BRDA:18,2,0,0
BRDA:18,2,1,0
BRDA:19,3,0,0
BRDA:19,3,1,0
BRDA:44,4,0,0
BRDA:44,4,1,0
BRDA:73,5,0,0
BRDA:73,5,1,0
BRDA:104,6,0,0
BRDA:104,6,1,0
BRDA:105,7,0,0
BRDA:105,7,1,0
BRDA:106,8,0,0
BRDA:106,8,1,0
BRDA:107,9,0,0
BRDA:107,9,1,0
BRDA:133,10,0,0
BRDA:144,11,0,0
BRDA:144,11,1,0
BRDA:158,12,0,0
BRDA:158,12,1,0
BRDA:196,13,0,0
BRDA:204,14,0,0
BRDA:204,14,1,0
BRDA:210,15,0,0
BRDA:210,15,1,0
BRDA:223,16,0,0
BRDA:223,16,1,0
BRDA:236,17,0,0
BRDA:244,18,0,0
BRDA:244,18,1,0
BRDA:250,19,0,0
BRDA:250,19,1,0
BRDA:256,20,0,0
BRDA:256,20,1,0
BRDA:269,21,0,0
BRDA:269,21,1,0
BRDA:304,22,0,0
BRDA:304,22,1,0
BRDA:365,23,0,0
BRDA:365,23,1,0
BRDA:374,24,0,0
BRDA:374,24,1,0
BRDA:375,25,0,0
BRDA:375,25,1,0
BRDA:376,26,0,0
BRDA:376,26,1,0
BRDA:377,27,0,0
BRDA:377,27,1,0
BRDA:378,28,0,0
BRDA:378,28,1,0
BRDA:386,29,0,0
BRDA:386,29,1,0
BRDA:386,29,2,0
BRDA:386,29,3,0
BRDA:386,29,4,0
BRDA:392,30,0,0
BRDA:392,30,1,0
BRDA:402,31,0,0
BRDA:402,31,1,0
BRDA:421,32,0,0
BRDA:421,32,1,0
BRF:65
BRH:0
end_of_record
TN:
SF:src/monitoring/metrics-exporter.js
FN:15,(anonymous_0)
FN:30,(anonymous_1)
FN:76,(anonymous_2)
FN:88,(anonymous_3)
FN:100,(anonymous_4)
FN:113,(anonymous_5)
FN:128,(anonymous_6)
FN:142,(anonymous_7)
FN:154,(anonymous_8)
FN:173,(anonymous_9)
FN:180,(anonymous_10)
FN:184,(anonymous_11)
FN:193,(anonymous_12)
FN:201,(anonymous_13)
FN:210,(anonymous_14)
FN:268,(anonymous_15)
FN:272,(anonymous_16)
FN:279,(anonymous_17)
FN:283,(anonymous_18)
FN:292,(anonymous_19)
FN:294,(anonymous_20)
FN:304,(anonymous_21)
FN:305,(anonymous_22)
FN:308,(anonymous_23)
FN:330,(anonymous_24)
FN:338,(anonymous_25)
FN:345,(anonymous_26)
FN:352,(anonymous_27)
FN:359,(anonymous_28)
FN:366,(anonymous_29)
FN:373,(anonymous_30)
FN:381,(anonymous_31)
FN:385,(anonymous_32)
FN:393,initializeMetrics
FN:400,getMetrics
FNF:35
FNH:0
FNDA:0,(anonymous_0)
FNDA:0,(anonymous_1)
FNDA:0,(anonymous_2)
FNDA:0,(anonymous_3)
FNDA:0,(anonymous_4)
FNDA:0,(anonymous_5)
FNDA:0,(anonymous_6)
FNDA:0,(anonymous_7)
FNDA:0,(anonymous_8)
FNDA:0,(anonymous_9)
FNDA:0,(anonymous_10)
FNDA:0,(anonymous_11)
FNDA:0,(anonymous_12)
FNDA:0,(anonymous_13)
FNDA:0,(anonymous_14)
FNDA:0,(anonymous_15)
FNDA:0,(anonymous_16)
FNDA:0,(anonymous_17)
FNDA:0,(anonymous_18)
FNDA:0,(anonymous_19)
FNDA:0,(anonymous_20)
FNDA:0,(anonymous_21)
FNDA:0,(anonymous_22)
FNDA:0,(anonymous_23)
FNDA:0,(anonymous_24)
FNDA:0,(anonymous_25)
FNDA:0,(anonymous_26)
FNDA:0,(anonymous_27)
FNDA:0,(anonymous_28)
FNDA:0,(anonymous_29)
FNDA:0,(anonymous_30)
FNDA:0,(anonymous_31)
FNDA:0,(anonymous_32)
FNDA:0,initializeMetrics
FNDA:0,getMetrics
DA:16,0
DA:17,0
DA:18,0
DA:19,0
DA:20,0
DA:21,0
DA:23,0
DA:24,0
DA:32,0
DA:33,0
DA:36,0
DA:37,0
DA:38,0
DA:41,0
DA:42,0
DA:43,0
DA:44,0
DA:47,0
DA:48,0
DA:49,0
DA:50,0
DA:53,0
DA:54,0
DA:55,0
DA:58,0
DA:59,0
DA:60,0
DA:63,0
DA:64,0
DA:65,0
DA:68,0
DA:69,0
DA:70,0
DA:77,0
DA:89,0
DA:101,0
DA:114,0
DA:115,0
DA:116,0
DA:117,0
DA:120,0
DA:121,0
DA:122,0
DA:129,0
DA:130,0
DA:131,0
DA:132,0
DA:135,0
DA:136,0
DA:143,0
DA:144,0
DA:145,0
DA:146,0
DA:149,0
DA:150,0
DA:151,0
DA:154,0
DA:158,0
DA:159,0
DA:160,0
DA:163,0
DA:164,0
DA:165,0
DA:174,0
DA:181,0
DA:183,0
DA:184,0
DA:187,0
DA:194,0
DA:195,0
DA:196,0
DA:197,0
DA:200,0
DA:201,0
DA:202,0
DA:203,0
DA:211,0
DA:214,0
DA:215,0
DA:216,0
DA:218,0
DA:219,0
DA:220,0
DA:221,0
DA:226,0
DA:227,0
DA:228,0
DA:230,0
DA:231,0
DA:232,0
DA:233,0
DA:238,0
DA:239,0
DA:240,0
DA:242,0
DA:243,0
DA:244,0
DA:247,0
DA:248,0
DA:249,0
DA:253,0
DA:254,0
DA:257,0
DA:258,0
DA:262,0
DA:269,0
DA:272,0
DA:273,0
DA:274,0
DA:275,0
DA:279,0
DA:280,0
DA:283,0
DA:284,0
DA:285,0
DA:293,0
DA:294,0
DA:295,0
DA:296,0
DA:305,0
DA:306,0
DA:308,0
DA:309,0
DA:310,0
DA:316,0
DA:317,0
DA:323,0
DA:331,0
DA:332,0
DA:339,0
DA:346,0
DA:353,0
DA:360,0
DA:367,0
DA:374,0
DA:375,0
DA:382,0
DA:386,0
DA:391,0
DA:394,0
DA:395,0
DA:397,0
DA:401,0
DA:402,0
DA:404,0
LF:145
LH:0
BRDA:15,0,0,0
BRDA:17,1,0,0
BRDA:17,1,1,0
BRDA:76,2,0,0
BRDA:88,3,0,0
BRDA:100,4,0,0
BRDA:100,5,0,0
BRDA:113,6,0,0
BRDA:113,7,0,0
BRDA:115,8,0,0
BRDA:115,8,1,0
BRDA:121,9,0,0
BRDA:121,9,1,0
BRDA:128,10,0,0
BRDA:130,11,0,0
BRDA:130,11,1,0
BRDA:142,12,0,0
BRDA:144,13,0,0
BRDA:144,13,1,0
BRDA:150,14,0,0
BRDA:150,14,1,0
BRDA:164,15,0,0
BRDA:164,15,1,0
BRDA:181,16,0,0
BRDA:181,16,1,0
BRDA:219,17,0,0
BRDA:219,17,1,0
BRDA:220,18,0,0
BRDA:220,18,1,0
BRDA:231,19,0,0
BRDA:231,19,1,0
BRDA:232,20,0,0
BRDA:232,20,1,0
BRDA:243,21,0,0
BRDA:243,21,1,0
BRDA:244,22,0,0
BRDA:244,22,1,0
BRDA:248,23,0,0
BRDA:248,23,1,0
BRDA:253,24,0,0
BRDA:253,24,1,0
BRDA:293,25,0,0
BRDA:293,25,1,0
BRDA:312,26,0,0
BRDA:312,26,1,0
BRDA:318,27,0,0
BRDA:318,27,1,0
BRDA:352,28,0,0
BRDA:374,29,0,0
BRDA:374,29,1,0
BRDA:393,30,0,0
BRDA:394,31,0,0
BRDA:394,31,1,0
BRDA:401,32,0,0
BRDA:401,32,1,0
BRF:55
BRH:0
end_of_record
TN:
SF:src/monitoring/rtp-metrics.js
FN:16,(anonymous_0)
FN:36,(anonymous_1)
FN:66,(anonymous_2)
FN:130,(anonymous_3)
FN:143,(anonymous_4)
FN:156,(anonymous_5)
FN:169,(anonymous_6)
FN:182,(anonymous_7)
FN:190,(anonymous_8)
FN:197,(anonymous_9)
FN:205,(anonymous_10)
FN:212,(anonymous_11)
FN:221,(anonymous_12)
FN:298,(anonymous_13)
FN:301,(anonymous_14)
FN:306,(anonymous_15)
FN:314,(anonymous_16)
FN:323,(anonymous_17)
FN:325,(anonymous_18)
FN:335,(anonymous_19)
FN:364,(anonymous_20)
FN:376,initializeRTPMetrics
FN:383,getRTPMetrics
FNF:23
FNH:0
FNDA:0,(anonymous_0)
FNDA:0,(anonymous_1)
FNDA:0,(anonymous_2)
FNDA:0,(anonymous_3)
FNDA:0,(anonymous_4)
FNDA:0,(anonymous_5)
FNDA:0,(anonymous_6)
FNDA:0,(anonymous_7)
FNDA:0,(anonymous_8)
FNDA:0,(anonymous_9)
FNDA:0,(anonymous_10)
FNDA:0,(anonymous_11)
FNDA:0,(anonymous_12)
FNDA:0,(anonymous_13)
FNDA:0,(anonymous_14)
FNDA:0,(anonymous_15)
FNDA:0,(anonymous_16)
FNDA:0,(anonymous_17)
FNDA:0,(anonymous_18)
FNDA:0,(anonymous_19)
FNDA:0,(anonymous_20)
FNDA:0,initializeRTPMetrics
FNDA:0,getRTPMetrics
DA:17,0
DA:18,0
DA:19,0
DA:20,0
DA:30,0
DA:37,0
DA:39,0
DA:60,0
DA:67,0
DA:68,0
DA:70,0
DA:71,0
DA:72,0
DA:73,0
DA:77,0
DA:78,0
DA:79,0
DA:82,0
DA:83,0
DA:84,0
DA:88,0
DA:89,0
DA:90,0
DA:91,0
DA:92,0
DA:93,0
DA:95,0
DA:99,0
DA:100,0
DA:104,0
DA:105,0
DA:106,0
DA:107,0
DA:108,0
DA:113,0
DA:114,0
DA:115,0
DA:116,0
DA:117,0
DA:122,0
DA:123,0
DA:131,0
DA:132,0
DA:134,0
DA:135,0
DA:136,0
DA:144,0
DA:145,0
DA:147,0
DA:148,0
DA:149,0
DA:157,0
DA:158,0
DA:160,0
DA:161,0
DA:162,0
DA:170,0
DA:171,0
DA:173,0
DA:174,0
DA:175,0
DA:183,0
DA:184,0
DA:186,0
DA:187,0
DA:190,0
DA:191,0
DA:198,0
DA:199,0
DA:201,0
DA:202,0
DA:205,0
DA:206,0
DA:213,0
DA:214,0
DA:215,0
DA:222,0
DA:225,0
DA:226,0
DA:227,0
DA:230,0
DA:231,0
DA:232,0
DA:234,0
DA:235,0
DA:236,0
DA:239,0
DA:240,0
DA:241,0
DA:242,0
DA:246,0
DA:247,0
DA:248,0
DA:249,0
DA:250,0
DA:254,0
DA:255,0
DA:256,0
DA:257,0
DA:258,0
DA:262,0
DA:263,0
DA:264,0
DA:265,0
DA:269,0
DA:270,0
DA:271,0
DA:273,0
DA:274,0
DA:275,0
DA:278,0
DA:279,0
DA:280,0
DA:282,0
DA:283,0
DA:284,0
DA:286,0
DA:287,0
DA:288,0
DA:290,0
DA:292,0
DA:299,0
DA:301,0
DA:302,0
DA:303,0
DA:306,0
DA:307,0
DA:314,0
DA:315,0
DA:316,0
DA:324,0
DA:325,0
DA:326,0
DA:327,0
DA:336,0
DA:337,0
DA:339,0
DA:340,0
DA:343,0
DA:365,0
DA:366,0
DA:367,0
DA:369,0
DA:374,0
DA:377,0
DA:378,0
DA:380,0
DA:384,0
DA:385,0
DA:387,0
LF:150
LH:0
BRDA:16,0,0,0
BRDA:18,1,0,0
BRDA:18,1,1,0
BRDA:70,2,0,0
BRDA:70,2,1,0
BRDA:77,3,0,0
BRDA:77,3,1,0
BRDA:82,4,0,0
BRDA:82,4,1,0
BRDA:88,5,0,0
BRDA:88,5,1,0
BRDA:90,6,0,0
BRDA:90,6,1,0
BRDA:90,7,0,0
BRDA:90,7,1,0
BRDA:99,8,0,0
BRDA:99,8,1,0
BRDA:104,9,0,0
BRDA:104,9,1,0
BRDA:107,10,0,0
BRDA:107,10,1,0
BRDA:113,11,0,0
BRDA:113,11,1,0
BRDA:116,12,0,0
BRDA:116,12,1,0
BRDA:122,13,0,0
BRDA:122,13,1,0
BRDA:134,14,0,0
BRDA:134,14,1,0
BRDA:147,15,0,0
BRDA:147,15,1,0
BRDA:160,16,0,0
BRDA:160,16,1,0
BRDA:173,17,0,0
BRDA:173,17,1,0
BRDA:186,18,0,0
BRDA:186,18,1,0
BRDA:186,19,0,0
BRDA:186,19,1,0
BRDA:201,20,0,0
BRDA:201,20,1,0
BRDA:201,21,0,0
BRDA:201,21,1,0
BRDA:324,22,0,0
BRDA:324,22,1,0
BRDA:339,23,0,0
BRDA:339,23,1,0
BRDA:376,24,0,0
BRDA:377,25,0,0
BRDA:377,25,1,0
BRDA:384,26,0,0
BRDA:384,26,1,0
BRF:52
BRH:0
end_of_record
TN:
SF:src/monitoring/sip-metrics.js
FN:15,(anonymous_0)
FN:46,(anonymous_1)
FN:49,(anonymous_2)
FN:55,(anonymous_3)
FN:63,(anonymous_4)
FN:77,(anonymous_5)
FN:87,(anonymous_6)
FN:95,(anonymous_7)
FN:116,(anonymous_8)
FN:135,(anonymous_9)
FN:143,(anonymous_10)
FN:152,(anonymous_11)
FN:162,(anonymous_12)
FN:170,(anonymous_13)
FN:175,(anonymous_14)
FN:183,(anonymous_15)
FN:224,(anonymous_16)
FN:241,(anonymous_17)
FN:271,(anonymous_18)
FN:274,(anonymous_19)
FN:279,(anonymous_20)
FN:288,(anonymous_21)
FN:320,(anonymous_22)
FN:329,(anonymous_23)
FN:331,(anonymous_24)
FN:341,(anonymous_25)
FN:353,(anonymous_26)
FN:357,(anonymous_27)
FN:368,initializeSIPMetrics
FN:375,getSIPMetrics
FNF:30
FNH:0
FNDA:0,(anonymous_0)
FNDA:0,(anonymous_1)
FNDA:0,(anonymous_2)
FNDA:0,(anonymous_3)
FNDA:0,(anonymous_4)
FNDA:0,(anonymous_5)
FNDA:0,(anonymous_6)
FNDA:0,(anonymous_7)
FNDA:0,(anonymous_8)
FNDA:0,(anonymous_9)
FNDA:0,(anonymous_10)
FNDA:0,(anonymous_11)
FNDA:0,(anonymous_12)
FNDA:0,(anonymous_13)
FNDA:0,(anonymous_14)
FNDA:0,(anonymous_15)
FNDA:0,(anonymous_16)
FNDA:0,(anonymous_17)
FNDA:0,(anonymous_18)
FNDA:0,(anonymous_19)
FNDA:0,(anonymous_20)
FNDA:0,(anonymous_21)
FNDA:0,(anonymous_22)
FNDA:0,(anonymous_23)
FNDA:0,(anonymous_24)
FNDA:0,(anonymous_25)
FNDA:0,(anonymous_26)
FNDA:0,(anonymous_27)
FNDA:0,initializeSIPMetrics
FNDA:0,getSIPMetrics
DA:16,0
DA:17,0
DA:20,0
DA:21,0
DA:22,0
DA:25,0
DA:26,0
DA:27,0
DA:28,0
DA:29,0
DA:32,0
DA:33,0
DA:34,0
DA:37,0
DA:39,0
DA:40,0
DA:48,0
DA:49,0
DA:50,0
DA:54,0
DA:55,0
DA:56,0
DA:64,0
DA:65,0
DA:66,0
DA:67,0
DA:69,0
DA:70,0
DA:78,0
DA:79,0
DA:80,0
DA:88,0
DA:89,0
DA:96,0
DA:97,0
DA:100,0
DA:101,0
DA:102,0
DA:103,0
DA:108,0
DA:110,0
DA:117,0
DA:118,0
DA:122,0
DA:123,0
DA:124,0
DA:125,0
DA:126,0
DA:129,0
DA:136,0
DA:137,0
DA:144,0
DA:145,0
DA:146,0
DA:153,0
DA:154,0
DA:155,0
DA:156,0
DA:163,0
DA:164,0
DA:171,0
DA:172,0
DA:175,0
DA:176,0
DA:177,0
DA:184,0
DA:187,0
DA:188,0
DA:189,0
DA:192,0
DA:193,0
DA:194,0
DA:196,0
DA:197,0
DA:198,0
DA:201,0
DA:202,0
DA:203,0
DA:206,0
DA:207,0
DA:208,0
DA:210,0
DA:211,0
DA:212,0
DA:214,0
DA:215,0
DA:216,0
DA:219,0
DA:220,0
DA:221,0
DA:223,0
DA:224,0
DA:227,0
DA:228,0
DA:229,0
DA:230,0
DA:236,0
DA:237,0
DA:239,0
DA:241,0
DA:242,0
DA:243,0
DA:247,0
DA:248,0
DA:249,0
DA:250,0
DA:254,0
DA:255,0
DA:256,0
DA:257,0
DA:261,0
DA:262,0
DA:263,0
DA:265,0
DA:272,0
DA:274,0
DA:275,0
DA:276,0
DA:279,0
DA:280,0
DA:288,0
DA:289,0
DA:320,0
DA:321,0
DA:322,0
DA:330,0
DA:331,0
DA:332,0
DA:333,0
DA:342,0
DA:343,0
DA:344,0
DA:345,0
DA:346,0
DA:347,0
DA:348,0
DA:349,0
DA:350,0
DA:351,0
DA:353,0
DA:354,0
DA:357,0
DA:358,0
DA:361,0
DA:366,0
DA:369,0
DA:370,0
DA:372,0
DA:376,0
DA:377,0
DA:379,0
LF:151
LH:0
BRDA:15,0,0,0
BRDA:17,1,0,0
BRDA:17,1,1,0
BRDA:63,2,0,0
BRDA:64,3,0,0
BRDA:64,3,1,0
BRDA:77,4,0,0
BRDA:78,5,0,0
BRDA:78,5,1,0
BRDA:100,6,0,0
BRDA:100,6,1,0
BRDA:102,7,0,0
BRDA:102,7,1,0
BRDA:116,8,0,0
BRDA:117,9,0,0
BRDA:117,9,1,0
BRDA:124,10,0,0
BRDA:124,10,1,0
BRDA:144,11,0,0
BRDA:144,11,1,0
BRDA:154,12,0,0
BRDA:154,12,1,0
BRDA:162,13,0,0
BRDA:171,14,0,0
BRDA:171,14,1,0
BRDA:177,15,0,0
BRDA:177,15,1,0
BRDA:219,16,0,0
BRDA:219,16,1,0
BRDA:229,17,0,0
BRDA:229,17,1,0
BRDA:294,18,0,0
BRDA:294,18,1,0
BRDA:303,19,0,0
BRDA:303,19,1,0
BRDA:330,20,0,0
BRDA:330,20,1,0
BRDA:368,21,0,0
BRDA:369,22,0,0
BRDA:369,22,1,0
BRDA:376,23,0,0
BRDA:376,23,1,0
BRF:42
BRH:0
end_of_record
TN:
SF:src/rtp/adaptive-jitter-buffer.js
FN:14,(anonymous_0)
FN:23,(anonymous_1)
FN:44,(anonymous_2)
FN:53,(anonymous_3)
FN:62,(anonymous_4)
FN:70,(anonymous_5)
FN:77,(anonymous_6)
FN:87,(anonymous_7)
FN:139,(anonymous_8)
FN:195,(anonymous_9)
FN:233,(anonymous_10)
FN:258,(anonymous_11)
FN:264,(anonymous_12)
FN:304,(anonymous_13)
FN:318,(anonymous_14)
FN:336,(anonymous_15)
FN:356,(anonymous_16)
FN:364,(anonymous_17)
FNF:18
FNH:11
FNDA:5,(anonymous_0)
FNDA:800,(anonymous_1)
FNDA:0,(anonymous_2)
FNDA:1333,(anonymous_3)
FNDA:1333,(anonymous_4)
FNDA:1952,(anonymous_5)
FNDA:0,(anonymous_6)
FNDA:5,(anonymous_7)
FNDA:1950,(anonymous_8)
FNDA:1333,(anonymous_9)
[...]
BRDA:650,37,0,6
BRDA:650,37,1,0
BRDA:650,37,2,0
BRDA:651,38,0,6
BRDA:651,38,1,0
BRDA:656,39,0,6
BRDA:656,39,1,0
BRDA:656,39,2,0
BRDA:657,40,0,6
BRDA:657,40,1,0
BRDA:662,41,0,6
BRDA:662,41,1,0
BRDA:666,42,0,6
BRDA:666,42,1,0
BRDA:673,43,0,6
BRDA:673,43,1,3
BRDA:674,44,0,3
BRDA:674,44,1,3
BRDA:679,45,0,0
BRDA:679,45,1,6
BRDA:684,46,0,6
BRDA:684,46,1,6
BRDA:687,47,0,6
BRDA:687,47,1,6
BRDA:693,48,0,6
BRDA:693,48,1,5
BRDA:705,49,0,0
BRDA:705,49,1,6
BRDA:719,50,0,2
BRDA:719,50,1,0
BRDA:720,51,0,2
BRDA:720,51,1,0
BRDA:743,52,0,15
BRDA:743,52,1,0
BRDA:757,53,0,8
BRDA:757,53,1,1
BRDA:758,54,0,8
BRDA:758,54,1,0
BRDA:759,55,0,1
BRDA:759,55,1,0
BRDA:760,56,0,1
BRDA:760,56,1,0
BRDA:777,57,0,0
BRDA:777,57,1,1
BRDA:784,58,0,5
BRDA:784,58,1,0
BRDA:789,59,0,5
BRDA:789,59,1,0
BRDA:789,60,0,5
BRDA:789,60,1,5
BRDA:809,61,0,0
BRDA:809,61,1,4
BRDA:809,62,0,4
BRDA:809,62,1,4
BRDA:816,63,0,0
BRDA:816,63,1,4
BRDA:816,64,0,4
BRDA:816,64,1,4
BRDA:816,64,2,4
BRDA:816,64,3,4
BRDA:822,65,0,0
BRDA:822,65,1,4
BRDA:822,66,0,4
BRDA:822,66,1,1
BRDA:843,67,0,4
BRDA:843,67,1,0
BRDA:846,68,0,4
BRDA:846,68,1,1
BRDA:849,69,0,1
BRDA:849,69,1,3
BRDA:855,70,0,3
BRDA:855,70,1,0
BRDA:875,71,0,0
BRDA:875,71,1,9
BRDA:875,72,0,9
BRDA:875,72,1,6
BRDA:886,73,0,8
BRDA:886,73,1,1
BRDA:886,74,0,9
BRDA:886,74,1,1
BRDA:905,75,0,0
BRDA:920,76,0,0
BRDA:920,76,1,0
BRDA:927,77,0,0
BRDA:927,77,1,0
BRDA:940,78,0,0
BRDA:941,79,0,0
BRDA:941,79,1,0
BRDA:942,80,0,0
BRDA:942,80,1,0
BRDA:943,81,0,0
BRDA:943,81,1,0
BRDA:949,82,0,0
BRDA:949,82,1,0
BRDA:952,83,0,0
BRDA:952,83,1,0
BRDA:958,84,0,0
BRDA:958,84,1,0
BRDA:963,85,0,0
BRDA:963,85,1,0
BRDA:967,86,0,0
BRDA:967,86,1,0
BRDA:972,87,0,0
BRDA:972,87,1,0
BRDA:977,88,0,0
BRDA:977,88,1,0
BRDA:977,89,0,0
BRDA:977,89,1,0
BRDA:986,90,0,0
BRDA:986,90,1,0
BRDA:1001,91,0,0
BRDA:1008,92,0,0
BRDA:1008,92,1,0
BRDA:1012,93,0,0
BRDA:1012,93,1,0
BRDA:1031,94,0,0
BRDA:1031,94,1,0
BRDA:1035,95,0,0
BRDA:1035,95,1,0
BRDA:1058,96,0,0
BRDA:1058,96,1,3
BRDA:1058,97,0,3
BRDA:1058,97,1,3
BRDA:1058,97,2,0
BRDA:1061,98,0,3
BRDA:1061,98,1,0
BRDA:1072,99,0,0
BRDA:1072,99,1,0
BRDA:1121,100,0,41
BRDA:1121,100,1,41
BRDA:1181,101,0,0
BRDA:1181,101,1,0
BRDA:1188,102,0,0
BRDA:1188,102,1,0
BRDA:1200,103,0,0
BRDA:1200,103,1,0
BRDA:1245,104,0,0
BRDA:1245,104,1,0
BRDA:1257,105,0,0
BRDA:1257,105,1,0
BRF:221
BRH:95
end_of_record
TN:
SF:src/stun/stun-server-example.js
FN:13,(anonymous_0)
FN:14,(anonymous_1)
FN:15,(anonymous_2)
FN:16,(anonymous_3)
FN:22,createBindingRequest
FN:47,runExample
FN:67,(anonymous_6)
FN:74,(anonymous_7)
FN:117,sendTestRequest
FN:118,(anonymous_9)
FN:122,(anonymous_10)
FN:127,(anonymous_11)
FN:178,(anonymous_12)
FN:186,(anonymous_13)
FNF:14
FNH:0
FNDA:0,(anonymous_0)
FNDA:0,(anonymous_1)
FNDA:0,(anonymous_2)
FNDA:0,(anonymous_3)
FNDA:0,createBindingRequest
FNDA:0,runExample
FNDA:0,(anonymous_6)
FNDA:0,(anonymous_7)
FNDA:0,sendTestRequest
FNDA:0,(anonymous_9)
FNDA:0,(anonymous_10)
FNDA:0,(anonymous_11)
FNDA:0,(anonymous_12)
FNDA:0,(anonymous_13)
DA:12,0
DA:13,0
DA:14,0
DA:15,0
DA:16,0
DA:23,0
DA:24,0
DA:27,0
DA:28,0
DA:31,0
DA:32,0
DA:35,0
DA:36,0
DA:39,0
DA:41,0
DA:48,0
DA:49,0
DA:50,0
DA:52,0
DA:58,0
DA:60,0
DA:62,0
DA:63,0
DA:64,0
DA:67,0
DA:70,0
DA:71,0
DA:74,0
DA:77,0
DA:78,0
DA:79,0
DA:80,0
DA:81,0
DA:82,0
DA:83,0
DA:86,0
DA:87,0
DA:88,0
DA:89,0
DA:90,0
DA:93,0
DA:94,0
DA:95,0
DA:96,0
DA:99,0
DA:100,0
DA:101,0
DA:103,0
DA:104,0
DA:105,0
DA:108,0
DA:109,0
DA:110,0
DA:118,0
DA:119,0
DA:120,0
DA:122,0
DA:123,0
DA:124,0
DA:127,0
DA:128,0
DA:129,0
DA:130,0
DA:133,0
DA:134,0
DA:135,0
DA:136,0
DA:138,0
DA:139,0
DA:140,0
DA:143,0
DA:144,0
DA:145,0
DA:146,0
DA:148,0
DA:149,0
DA:150,0
DA:151,0
DA:152,0
DA:153,0
DA:155,0
DA:156,0
DA:158,0
DA:159,0
DA:160,0
DA:163,0
DA:164,0
DA:165,0
DA:169,0
DA:170,0
DA:174,0
DA:175,0
DA:178,0
DA:179,0
DA:180,0
DA:181,0
DA:182,0
DA:185,0
DA:186,0
DA:187,0
DA:188,0
DA:189,0
DA:190,0
DA:191,0
DA:201,0
DA:202,0
LF:106
LH:0
BRDA:88,0,0,0
BRDA:88,0,1,0
BRDA:133,1,0,0
BRDA:133,1,1,0
BRDA:148,2,0,0
BRDA:148,2,1,0
BRDA:151,3,0,0
BRDA:151,3,1,0
BRDA:187,4,0,0
BRDA:187,4,1,0
BRDA:201,5,0,0
BRDA:201,5,1,0
BRF:12
BRH:0
end_of_record
TN:
SF:src/stun/stun-server.js
FN:66,(anonymous_0)
FN:100,(anonymous_1)
FN:101,(anonymous_2)
FN:105,(anonymous_3)
FN:106,(anonymous_4)
FN:111,(anonymous_5)
FN:116,(anonymous_6)
FN:132,(anonymous_7)
FN:133,(anonymous_8)
FN:141,(anonymous_9)
FN:154,(anonymous_10)
FN:184,(anonymous_11)
FN:192,(anonymous_12)
FN:213,(anonymous_13)
FN:263,(anonymous_14)
FN:306,(anonymous_15)
FN:344,(anonymous_16)
FN:382,(anonymous_17)
FN:406,(anonymous_18)
FN:428,(anonymous_19)
FN:469,(anonymous_20)
FN:496,(anonymous_21)
FN:524,(anonymous_22)
FN:549,(anonymous_23)
FN:563,(anonymous_24)
FN:584,(anonymous_25)
FN:592,(anonymous_26)
FN:600,(anonymous_27)
FN:612,(anonymous_28)
FN:626,(anonymous_29)
FN:644,(anonymous_30)
FNF:31
FNH:0
FNDA:0,(anonymous_0)
FNDA:0,(anonymous_1)
FNDA:0,(anonymous_2)
FNDA:0,(anonymous_3)
FNDA:0,(anonymous_4)
FNDA:0,(anonymous_5)
FNDA:0,(anonymous_6)
FNDA:0,(anonymous_7)
FNDA:0,(anonymous_8)
FNDA:0,(anonymous_9)
FNDA:0,(anonymous_10)
FNDA:0,(anonymous_11)
FNDA:0,(anonymous_12)
FNDA:0,(anonymous_13)
FNDA:0,(anonymous_14)
FNDA:0,(anonymous_15)
FNDA:0,(anonymous_16)
FNDA:0,(anonymous_17)
FNDA:0,(anonymous_18)
FNDA:0,(anonymous_19)
FNDA:0,(anonymous_20)
FNDA:0,(anonymous_21)
FNDA:0,(anonymous_22)
FNDA:0,(anonymous_23)
FNDA:0,(anonymous_24)
FNDA:0,(anonymous_25)
FNDA:0,(anonymous_26)
FNDA:0,(anonymous_27)
FNDA:0,(anonymous_28)
FNDA:0,(anonymous_29)
FNDA:0,(anonymous_30)
DA:14,0
DA:67,0
DA:68,0
DA:69,0
DA:70,0
DA:71,0
DA:74,0
DA:75,0
DA:76,0
DA:79,0
DA:80,0
DA:83,0
DA:86,0
DA:89,0
DA:101,0
DA:102,0
DA:103,0
DA:105,0
DA:106,0
DA:107,0
DA:111,0
DA:112,0
DA:113,0
DA:116,0
DA:117,0
DA:118,0
DA:119,0
DA:120,0
DA:124,0
DA:133,0
DA:134,0
DA:135,0
DA:136,0
DA:139,0
DA:140,0
DA:141,0
DA:142,0
DA:143,0
DA:146,0
DA:155,0
DA:157,0
DA:159,0
DA:160,0
DA:161,0
DA:164,0
DA:167,0
DA:168,0
DA:171,0
DA:172,0
DA:176,0
DA:177,0
DA:185,0
DA:186,0
DA:189,0
DA:192,0
DA:193,0
DA:194,0
DA:196,0
DA:197,0
DA:202,0
DA:205,0
DA:206,0
DA:214,0
DA:215,0
DA:218,0
DA:219,0
DA:222,0
DA:223,0
DA:226,0
DA:229,0
DA:230,0
DA:232,0
DA:235,0
DA:238,0
DA:241,0
DA:244,0
DA:245,0
DA:251,0
DA:254,0
DA:255,0
DA:257,0
DA:264,0
DA:267,0
DA:268,0
DA:269,0
DA:272,0
DA:275,0
DA:278,0
DA:279,0
DA:282,0
DA:283,0
DA:284,0
DA:286,0
DA:287,0
DA:289,0
DA:292,0
DA:293,0
DA:296,0
DA:297,0
DA:300,0
DA:307,0
DA:310,0
DA:311,0
DA:312,0
DA:315,0
DA:318,0
DA:321,0
DA:324,0
DA:325,0
DA:326,0
DA:330,0
DA:331,0
DA:334,0
DA:335,0
DA:338,0
DA:345,0
DA:348,0
DA:349,0
DA:350,0
DA:353,0
DA:356,0
DA:359,0
DA:362,0
DA:363,0
DA:364,0
DA:368,0
DA:369,0
DA:372,0
DA:373,0
DA:376,0
DA:383,0
DA:386,0
DA:389,0
DA:392,0
DA:393,0
DA:396,0
DA:397,0
DA:400,0
DA:407,0
DA:410,0
DA:413,0
DA:416,0
DA:417,0
DA:420,0
DA:422,0
DA:429,0
DA:430,0
DA:433,0
DA:435,0
DA:438,0
DA:441,0
DA:442,0
DA:443,0
DA:444,0
DA:448,0
DA:451,0
DA:453,0
DA:461,0
DA:462,0
DA:470,0
DA:471,0
DA:473,0
DA:474,0
DA:476,0
DA:477,0
DA:479,0
DA:481,0
DA:484,0
DA:485,0
DA:486,0
DA:490,0
DA:497,0
DA:499,0
DA:500,0
DA:508,0
DA:509,0
DA:516,0
DA:517,0
DA:525,0
DA:526,0
DA:528,0
DA:529,0
DA:536,0
DA:538,0
DA:540,0
DA:543,0
DA:550,0
DA:551,0
DA:553,0
DA:554,0
DA:557,0
DA:564,0
DA:565,0
DA:568,0
DA:569,0
DA:570,0
DA:571,0
DA:572,0
DA:574,0
DA:577,0
DA:578,0
DA:585,0
DA:586,0
DA:593,0
DA:594,0
DA:601,0
DA:613,0
DA:627,0
DA:633,0
DA:634,0
DA:635,0
DA:638,0
DA:645,0
DA:646,0
DA:648,0
DA:649,0
DA:652,0
LF:217
LH:0
BRDA:68,0,0,0
BRDA:68,0,1,0
BRDA:74,1,0,0
BRDA:74,1,1,0
BRDA:75,2,0,0
BRDA:75,2,1,0
BRDA:79,3,0,0
BRDA:79,3,1,0
BRDA:80,4,0,0
BRDA:80,4,1,0
BRDA:134,5,0,0
BRDA:134,5,1,0
BRDA:159,6,0,0
BRDA:159,6,1,0
BRDA:171,7,0,0
BRDA:171,7,1,0
BRDA:193,8,0,0
BRDA:193,8,1,0
BRDA:429,9,0,0
BRDA:429,9,1,0
BRDA:442,10,0,0
BRDA:442,10,1,0
BRDA:474,11,0,0
BRDA:474,11,1,0
BRDA:499,12,0,0
BRDA:499,12,1,0
BRDA:516,13,0,0
BRDA:516,13,1,0
BRDA:528,14,0,0
BRDA:528,14,1,0
BRDA:528,15,0,0
BRDA:528,15,1,0
BRDA:538,16,0,0
BRDA:538,16,1,0
BRDA:564,17,0,0
BRDA:564,17,1,0
BRDA:572,18,0,0
BRDA:572,18,1,0
BRDA:635,19,0,0
BRDA:635,19,1,0
BRDA:648,20,0,0
BRDA:648,20,1,0
BRDA:658,21,0,0
BRDA:658,21,1,0
BRF:44
BRH:0
end_of_record
TN:
SF:src/stun/stun-server.test.js
FN:14,(anonymous_0)
FN:15,(anonymous_1)
FN:16,(anonymous_2)
FN:17,(anonymous_3)
FN:23,testConstants
FN:56,testServerInitialization
FN:85,testMessageCreation
FN:121,testMessageParsing
FN:154,testInvalidMessageHandling
FN:180,testCRC32Calculation
FN:204,testAddressParsing
FN:213,(anonymous_11)
FN:226,testXORMappedAddressEncoding
FN:257,testMappedAddressEncoding
FN:288,testNATDetectionTracking
FN:327,testStatisticsCollection
FN:353,testMetricsExport
FN:382,runAllTests
FNF:18
FNH:0
FNDA:0,(anonymous_0)
FNDA:0,(anonymous_1)
FNDA:0,(anonymous_2)
FNDA:0,(anonymous_3)
FNDA:0,testConstants
FNDA:0,testServerInitialization
FNDA:0,testMessageCreation
FNDA:0,testMessageParsing
FNDA:0,testInvalidMessageHandling
FNDA:0,testCRC32Calculation
FNDA:0,testAddressParsing
FNDA:0,(anonymous_11)
FNDA:0,testXORMappedAddressEncoding
FNDA:0,testMappedAddressEncoding
FNDA:0,testNATDetectionTracking
FNDA:0,testStatisticsCollection
FNDA:0,testMetricsExport
FNDA:0,runAllTests
DA:13,0
DA:14,0
DA:16,0
DA:17,0
DA:24,0
DA:27,0
DA:28,0
DA:32,0
DA:33,0
DA:36,0
DA:37,0
DA:41,0
DA:42,0
DA:46,0
DA:47,0
DA:50,0
DA:57,0
DA:59,0
DA:64,0
DA:67,0
DA:68,0
DA:71,0
DA:72,0
DA:75,0
DA:76,0
DA:79,0
DA:86,0
DA:88,0
DA:89,0
DA:92,0
DA:93,0
DA:96,0
DA:97,0
DA:100,0
DA:101,0
DA:104,0
DA:107,0
DA:108,0
DA:111,0
DA:112,0
DA:115,0
DA:122,0
DA:124,0
DA:127,0
DA:128,0
DA:129,0
DA:130,0
DA:131,0
DA:134,0
DA:136,0
DA:137,0
DA:140,0
DA:141,0
DA:144,0
DA:145,0
DA:148,0
DA:155,0
DA:157,0
DA:160,0
DA:161,0
DA:162,0
DA:163,0
DA:167,0
DA:168,0
DA:169,0
DA:170,0
DA:171,0
DA:174,0
DA:181,0
DA:183,0
DA:186,0
DA:187,0
DA:188,0
DA:190,0
DA:191,0
DA:194,0
DA:195,0
DA:198,0
DA:205,0
DA:207,0
DA:213,0
DA:214,0
DA:215,0
DA:216,0
DA:220,0
DA:227,0
DA:229,0
DA:230,0
DA:233,0
DA:235,0
DA:236,0
DA:240,0
DA:241,0
DA:242,0
DA:246,0
DA:247,0
DA:248,0
DA:251,0
DA:258,0
DA:260,0
DA:261,0
DA:264,0
DA:266,0
DA:267,0
DA:271,0
DA:272,0
DA:273,0
DA:277,0
DA:278,0
DA:279,0
DA:282,0
DA:289,0
DA:291,0
DA:294,0
DA:295,0
DA:296,0
DA:298,0
DA:301,0
DA:304,0
DA:305,0
DA:306,0
DA:309,0
DA:310,0
DA:313,0
DA:314,0
DA:317,0
DA:318,0
DA:321,0
DA:328,0
DA:330,0
DA:333,0
DA:335,0
DA:336,0
DA:339,0
DA:340,0
DA:343,0
DA:344,0
DA:347,0
DA:354,0
DA:356,0
DA:358,0
DA:360,0
DA:361,0
DA:364,0
DA:365,0
DA:368,0
DA:369,0
DA:372,0
DA:373,0
DA:376,0
DA:383,0
DA:384,0
DA:385,0
DA:387,0
DA:402,0
DA:403,0
DA:405,0
DA:406,0
DA:407,0
DA:408,0
DA:410,0
DA:411,0
DA:415,0
DA:416,0
DA:417,0
DA:419,0
DA:420,0
DA:425,0
DA:426,0
LF:169
LH:0
BRDA:27,0,0,0
BRDA:27,0,1,0
BRDA:32,1,0,0
BRDA:32,1,1,0
BRDA:36,2,0,0
BRDA:36,2,1,0
BRDA:41,3,0,0
BRDA:41,3,1,0
BRDA:46,4,0,0
BRDA:46,4,1,0
BRDA:67,5,0,0
BRDA:67,5,1,0
BRDA:71,6,0,0
BRDA:71,6,1,0
BRDA:75,7,0,0
BRDA:75,7,1,0
BRDA:107,8,0,0
BRDA:107,8,1,0
BRDA:111,9,0,0
BRDA:111,9,1,0
BRDA:136,10,0,0
BRDA:136,10,1,0
BRDA:140,11,0,0
BRDA:140,11,1,0
BRDA:144,12,0,0
BRDA:144,12,1,0
BRDA:162,13,0,0
BRDA:162,13,1,0
BRDA:170,14,0,0
BRDA:170,14,1,0
BRDA:190,15,0,0
BRDA:190,15,1,0
BRDA:194,16,0,0
BRDA:194,16,1,0
BRDA:215,17,0,0
BRDA:215,17,1,0
BRDA:235,18,0,0
BRDA:235,18,1,0
BRDA:241,19,0,0
BRDA:241,19,1,0
BRDA:247,20,0,0
BRDA:247,20,1,0
BRDA:266,21,0,0
BRDA:266,21,1,0
BRDA:272,22,0,0
BRDA:272,22,1,0
BRDA:278,23,0,0
BRDA:278,23,1,0
BRDA:305,24,0,0
BRDA:305,24,1,0
BRDA:309,25,0,0
BRDA:309,25,1,0
BRDA:313,26,0,0
BRDA:313,26,1,0
BRDA:317,27,0,0
BRDA:317,27,1,0
BRDA:335,28,0,0
BRDA:335,28,1,0
BRDA:339,29,0,0
BRDA:339,29,1,0
BRDA:343,30,0,0
BRDA:343,30,1,0
BRDA:360,31,0,0
BRDA:360,31,1,0
BRDA:364,32,0,0
BRDA:364,32,1,0
BRDA:368,33,0,0
BRDA:368,33,1,0
BRDA:372,34,0,0
BRDA:372,34,1,0
BRDA:419,35,0,0
BRDA:419,35,1,0
BRDA:425,36,0,0
BRDA:425,36,1,0
BRF:74
BRH:0
end_of_record
TN:
SF:src/websocket/ws-server.js
FN:18,(anonymous_0)
FN:49,(anonymous_1)
FN:51,(anonymous_2)
FN:55,(anonymous_3)
FN:59,(anonymous_4)
FN:63,(anonymous_5)
FN:67,(anonymous_6)
FN:71,(anonymous_7)
FN:81,(anonymous_8)
FN:91,(anonymous_9)
FN:92,(anonymous_10)
FN:98,(anonymous_11)
FN:102,(anonymous_12)
FN:123,(anonymous_13)
FN:124,(anonymous_14)
FN:136,(anonymous_15)
FN:160,(anonymous_16)
FN:167,(anonymous_17)
FN:179,(anonymous_18)
FN:187,(anonymous_19)
FN:241,(anonymous_20)
FN:266,(anonymous_21)
FN:322,(anonymous_22)
FN:327,(anonymous_23)
FN:332,(anonymous_24)
FN:337,(anonymous_25)
FN:358,(anonymous_26)
FN:406,(anonymous_27)
FN:453,(anonymous_28)
FN:492,(anonymous_29)
FN:528,(anonymous_30)
FN:563,(anonymous_31)
FN:595,(anonymous_32)
FN:608,(anonymous_33)
FN:621,(anonymous_34)
FN:648,(anonymous_35)
FN:657,(anonymous_36)
FN:658,(anonymous_37)
FN:680,(anonymous_38)
FN:697,(anonymous_39)
FN:707,(anonymous_40)
FN:727,(anonymous_41)
FN:741,(anonymous_42)
FN:748,(anonymous_43)
FN:762,(anonymous_44)
FN:769,(anonymous_45)
FN:784,(anonymous_46)
FN:806,(anonymous_47)
FN:826,(anonymous_48)
FN:846,(anonymous_49)
FN:866,(anonymous_50)
FN:874,(anonymous_51)
FN:888,(anonymous_52)
FN:896,(anonymous_53)
FNF:54
FNH:0
FNDA:0,(anonymous_0)
FNDA:0,(anonymous_1)
FNDA:0,(anonymous_2)
FNDA:0,(anonymous_3)
FNDA:0,(anonymous_4)
FNDA:0,(anonymous_5)
FNDA:0,(anonymous_6)
FNDA:0,(anonymous_7)
FNDA:0,(anonymous_8)
FNDA:0,(anonymous_9)
FNDA:0,(anonymous_10)
FNDA:0,(anonymous_11)
FNDA:0,(anonymous_12)
FNDA:0,(anonymous_13)
FNDA:0,(anonymous_14)
FNDA:0,(anonymous_15)
FNDA:0,(anonymous_16)
FNDA:0,(anonymous_17)
FNDA:0,(anonymous_18)
FNDA:0,(anonymous_19)
FNDA:0,(anonymous_20)
FNDA:0,(anonymous_21)
FNDA:0,(anonymous_22)
FNDA:0,(anonymous_23)
FNDA:0,(anonymous_24)
FNDA:0,(anonymous_25)
FNDA:0,(anonymous_26)
FNDA:0,(anonymous_27)
FNDA:0,(anonymous_28)
FNDA:0,(anonymous_29)
FNDA:0,(anonymous_30)
FNDA:0,(anonymous_31)
FNDA:0,(anonymous_32)
FNDA:0,(anonymous_33)
FNDA:0,(anonymous_34)
FNDA:0,(anonymous_35)
FNDA:0,(anonymous_36)
FNDA:0,(anonymous_37)
FNDA:0,(anonymous_38)
FNDA:0,(anonymous_39)
FNDA:0,(anonymous_40)
FNDA:0,(anonymous_41)
FNDA:0,(anonymous_42)
FNDA:0,(anonymous_43)
FNDA:0,(anonymous_44)
FNDA:0,(anonymous_45)
FNDA:0,(anonymous_46)
FNDA:0,(anonymous_47)
FNDA:0,(anonymous_48)
FNDA:0,(anonymous_49)
FNDA:0,(anonymous_50)
FNDA:0,(anonymous_51)
FNDA:0,(anonymous_52)
FNDA:0,(anonymous_53)
DA:1,0
DA:2,0
DA:3,0
DA:4,0
DA:5,0
DA:19,0
DA:20,0
DA:21,0
DA:22,0
DA:23,0
DA:24,0
DA:25,0
DA:26,0
DA:27,0
DA:28,0
DA:29,0
DA:30,0
DA:31,0
DA:34,0
DA:35,0
DA:36,0
DA:39,0
DA:40,0
DA:41,0
DA:43,0
DA:51,0
DA:52,0
DA:55,0
DA:56,0
DA:59,0
DA:60,0
DA:63,0
DA:64,0
DA:67,0
DA:68,0
DA:71,0
DA:72,0
DA:82,0
DA:83,0
DA:92,0
DA:93,0
DA:94,0
DA:96,0
DA:98,0
DA:99,0
DA:102,0
DA:103,0
DA:104,0
DA:107,0
DA:109,0
DA:110,0
DA:111,0
DA:113,0
DA:114,0
DA:124,0
DA:125,0
DA:126,0
DA:127,0
DA:131,0
DA:132,0
DA:135,0
DA:136,0
DA:137,0
DA:138,0
DA:139,0
DA:141,0
DA:142,0
DA:143,0
DA:147,0
DA:150,0
DA:151,0
DA:161,0
DA:162,0
DA:167,0
DA:168,0
DA:169,0
DA:171,0
DA:180,0
DA:182,0
DA:185,0
DA:186,0
DA:187,0
DA:189,0
DA:190,0
DA:191,0
DA:192,0
DA:198,0
DA:199,0
DA:200,0
DA:201,0
DA:206,0
DA:207,0
DA:208,0
DA:211,0
DA:212,0
DA:216,0
DA:217,0
DA:218,0
DA:221,0
DA:226,0
DA:227,0
DA:230,0
DA:232,0
DA:233,0
DA:242,0
DA:243,0
DA:245,0
DA:247,0
DA:251,0
DA:254,0
DA:255,0
DA:258,0
DA:259,0
DA:267,0
DA:268,0
DA:271,0
DA:272,0
DA:273,0
DA:274,0
DA:278,0
DA:279,0
DA:280,0
DA:281,0
DA:282,0
DA:286,0
DA:287,0
DA:288,0
DA:289,0
DA:290,0
DA:291,0
DA:292,0
DA:293,0
DA:294,0
DA:296,0
DA:297,0
DA:300,0
DA:301,0
DA:304,0
DA:315,0
DA:316,0
DA:319,0
DA:322,0
DA:323,0
DA:327,0
DA:328,0
DA:332,0
DA:333,0
DA:337,0
DA:338,0
DA:339,0
DA:343,0
DA:351,0
DA:359,0
DA:360,0
DA:361,0
DA:362,0
DA:363,0
DA:367,0
DA:368,0
DA:370,0
DA:371,0
DA:372,0
DA:375,0
DA:377,0
DA:378,0
DA:379,0
DA:383,0
DA:384,0
DA:387,0
DA:388,0
DA:390,0
DA:391,0
DA:393,0
DA:394,0
DA:397,0
DA:398,0
DA:407,0
DA:409,0
DA:410,0
DA:411,0
DA:414,0
DA:417,0
DA:418,0
DA:419,0
DA:421,0
DA:422,0
DA:426,0
DA:429,0
DA:430,0
DA:431,0
DA:433,0
DA:441,0
DA:442,0
DA:444,0
DA:445,0
DA:454,0
DA:456,0
DA:457,0
DA:458,0
DA:461,0
DA:462,0
DA:463,0
DA:465,0
DA:474,0
DA:484,0
DA:485,0
DA:493,0
DA:495,0
DA:496,0
DA:497,0
DA:500,0
DA:509,0
DA:520,0
DA:521,0
DA:529,0
DA:531,0
DA:532,0
DA:533,0
DA:536,0
DA:545,0
DA:555,0
DA:556,0
DA:564,0
DA:566,0
DA:567,0
DA:568,0
DA:572,0
DA:573,0
DA:574,0
DA:578,0
DA:588,0
DA:596,0
DA:609,0
DA:610,0
DA:611,0
DA:612,0
DA:613,0
DA:622,0
DA:624,0
DA:625,0
DA:628,0
DA:629,0
DA:630,0
DA:633,0
DA:634,0
DA:635,0
DA:636,0
DA:640,0
DA:649,0
DA:650,0
DA:658,0
DA:659,0
DA:661,0
DA:662,0
DA:664,0
DA:665,0
DA:666,0
DA:670,0
DA:673,0
DA:679,0
DA:680,0
DA:681,0
DA:682,0
DA:686,0
DA:698,0
DA:700,0
DA:701,0
DA:702,0
DA:705,0
DA:706,0
DA:707,0
DA:708,0
DA:709,0
DA:712,0
DA:714,0
DA:715,0
DA:718,0
DA:719,0
DA:728,0
DA:742,0
DA:743,0
DA:744,0
DA:747,0
DA:748,0
DA:749,0
DA:750,0
DA:763,0
DA:764,0
DA:765,0
DA:768,0
DA:769,0
DA:770,0
DA:771,0
DA:785,0
DA:787,0
DA:788,0
DA:789,0
DA:792,0
DA:793,0
DA:794,0
DA:797,0
DA:807,0
DA:808,0
DA:809,0
DA:812,0
DA:813,0
DA:816,0
DA:817,0
DA:818,0
DA:827,0
DA:829,0
DA:830,0
DA:833,0
DA:834,0
DA:835,0
DA:838,0
DA:839,0
DA:847,0
DA:848,0
DA:849,0
DA:859,0
DA:867,0
DA:875,0
DA:876,0
DA:877,0
DA:878,0
DA:881,0
DA:889,0
DA:899,0
DA:903,0
LF:330
LH:0
BRDA:18,0,0,0
BRDA:20,1,0,0
BRDA:20,1,1,0
BRDA:25,2,0,0
BRDA:25,2,1,0
BRDA:26,3,0,0
BRDA:26,3,1,0
BRDA:27,4,0,0
BRDA:27,4,1,0
BRDA:28,5,0,0
BRDA:28,5,1,0
BRDA:34,6,0,0
BRDA:34,6,1,0
BRDA:35,7,0,0
BRDA:35,7,1,0
BRDA:40,8,0,0
BRDA:40,8,1,0
BRDA:41,9,0,0
BRDA:41,9,1,0
BRDA:126,10,0,0
BRDA:126,10,1,0
BRDA:135,11,0,0
BRDA:135,11,1,0
BRDA:137,12,0,0
BRDA:137,12,1,0
BRDA:161,13,0,0
BRDA:161,13,1,0
BRDA:168,14,0,0
BRDA:168,14,1,0
BRDA:171,15,0,0
BRDA:171,15,1,0
BRDA:186,16,0,0
BRDA:186,16,1,0
BRDA:190,17,0,0
BRDA:190,17,1,0
BRDA:198,18,0,0
BRDA:198,18,1,0
BRDA:198,19,0,0
BRDA:198,19,1,0
BRDA:200,20,0,0
BRDA:200,20,1,0
BRDA:206,21,0,0
BRDA:206,21,1,0
BRDA:206,22,0,0
BRDA:206,22,1,0
BRDA:211,23,0,0
BRDA:211,23,1,0
BRDA:216,24,0,0
BRDA:216,24,1,0
BRDA:226,25,0,0
BRDA:226,25,1,0
BRDA:226,26,0,0
BRDA:226,26,1,0
BRDA:245,27,0,0
BRDA:245,27,1,0
BRDA:245,28,0,0
BRDA:245,28,1,0
BRDA:254,29,0,0
BRDA:254,29,1,0
BRDA:268,30,0,0
BRDA:268,30,1,0
BRDA:271,31,0,0
BRDA:271,31,1,0
BRDA:278,32,0,0
BRDA:278,32,1,0
BRDA:278,33,0,0
BRDA:278,33,1,0
BRDA:288,34,0,0
BRDA:288,34,1,0
BRDA:290,35,0,0
BRDA:290,35,1,0
BRDA:301,36,0,0
BRDA:301,36,1,0
BRDA:301,37,0,0
BRDA:301,37,1,0
BRDA:308,38,0,0
BRDA:308,38,1,0
BRDA:315,39,0,0
BRDA:315,39,1,0
BRDA:361,40,0,0
BRDA:361,40,1,0
BRDA:375,41,0,0
BRDA:377,42,0,0
BRDA:377,42,1,0
BRDA:377,43,0,0
BRDA:377,43,1,0
BRDA:390,44,0,0
BRDA:390,44,1,0
BRDA:390,45,0,0
BRDA:390,45,1,0
BRDA:409,46,0,0
BRDA:409,46,1,0
BRDA:417,47,0,0
BRDA:417,47,1,0
BRDA:417,48,0,0
BRDA:417,48,1,0
BRDA:429,49,0,0
BRDA:429,49,1,0
BRDA:456,50,0,0
BRDA:456,50,1,0
BRDA:495,51,0,0
BRDA:495,51,1,0
BRDA:495,52,0,0
BRDA:495,52,1,0
BRDA:495,52,2,0
BRDA:516,53,0,0
BRDA:516,53,1,0
BRDA:531,54,0,0
BRDA:531,54,1,0
BRDA:550,55,0,0
BRDA:550,55,1,0
BRDA:551,56,0,0
BRDA:551,56,1,0
BRDA:555,57,0,0
BRDA:555,57,1,0
BRDA:566,58,0,0
BRDA:566,58,1,0
BRDA:566,59,0,0
BRDA:566,59,1,0
BRDA:572,60,0,0
BRDA:572,60,1,0
BRDA:572,61,0,0
BRDA:572,61,1,0
BRDA:584,62,0,0
BRDA:584,62,1,0
BRDA:610,63,0,0
BRDA:610,63,1,0
BRDA:624,64,0,0
BRDA:624,64,1,0
BRDA:635,65,0,0
BRDA:635,65,1,0
BRDA:662,66,0,0
BRDA:662,66,1,0
BRDA:681,67,0,0
BRDA:681,67,1,0
BRDA:700,68,0,0
BRDA:700,68,1,0
BRDA:706,69,0,0
BRDA:706,69,1,0
BRDA:708,70,0,0
BRDA:708,70,1,0
BRDA:741,71,0,0
BRDA:743,72,0,0
BRDA:743,72,1,0
BRDA:743,73,0,0
BRDA:743,73,1,0
BRDA:747,74,0,0
BRDA:747,74,1,0
BRDA:749,75,0,0
BRDA:749,75,1,0
BRDA:762,76,0,0
BRDA:764,77,0,0
BRDA:764,77,1,0
BRDA:764,78,0,0
BRDA:764,78,1,0
BRDA:768,79,0,0
BRDA:768,79,1,0
BRDA:768,80,0,0
BRDA:768,80,1,0
BRDA:770,81,0,0
BRDA:770,81,1,0
BRDA:784,82,0,0
BRDA:787,83,0,0
BRDA:787,83,1,0
BRDA:793,84,0,0
BRDA:793,84,1,0
BRDA:793,85,0,0
BRDA:793,85,1,0
BRDA:807,86,0,0
BRDA:807,86,1,0
BRDA:812,87,0,0
BRDA:812,87,1,0
BRDA:829,88,0,0
BRDA:829,88,1,0
BRDA:834,89,0,0
BRDA:834,89,1,0
BRDA:877,90,0,0
BRDA:877,90,1,0
BRDA:899,91,0,0
BRDA:899,91,1,0
BRF:180
BRH:0
end_of_record
